WARNING:(W143) The `ignore_unconnected` preflight is deprecated, use the `ignore_unconnected` option (kibot.pre_ignore_unconnected - pre_ignore_unconnected.py:26)
WARNING:(W143) For KiCad 8 use the `erc` preflight instead of `run_erc` (kibot.pre_run_erc - pre_run_erc.py:77)
WARNING:(W058) 5 ERC warnings detected (eeschema_do - eeschema_do:622) (kibot - kiplot.py:133)
WARNING:(W058) (lib_symbol_issues) The current configuration does not include the library 'suku_basics'
    ; warning
    @(1.778 mm, 2.0447 mm): Symbol J1011 [SMD_NUT]
 (eeschema_do.kiauto.file_util - file_util.py:154) (kibot - kiplot.py:133)
WARNING:(W058) (lib_symbol_issues) Symbol 'GND' has been modified in library 'power'
    ; warning
    @(1.778 mm, 2.0955 mm): Symbol #PWR01035 [GND]
 (eeschema_do.kiauto.file_util - file_util.py:154) (kibot - kiplot.py:133)
WARNING:(W058) (lib_symbol_issues) Symbol 'GND' has been modified in library 'power'
    ; warning
    @(1.524 mm, 1.27 mm): Symbol #PWR01005 [GND]
 (eeschema_do.kiauto.file_util - file_util.py:154) (kibot - kiplot.py:133)
WARNING:(W058) (lib_symbol_issues) The current configuration does not include the library 'suku_basics'
    ; warning
    @(2.032 mm, 2.0447 mm): Symbol J1012 [SMD_NUT]
 (eeschema_do.kiauto.file_util - file_util.py:154) (kibot - kiplot.py:133)
WARNING:(W058) (lib_symbol_issues) Symbol 'GND' has been modified in library 'power'
    ; warning
    @(2.032 mm, 2.0955 mm): Symbol #PWR01036 [GND]
 (eeschema_do.kiauto.file_util - file_util.py:154) (kibot - kiplot.py:133)
WARNING:(W143) The `ignore_unconnected` preflight is deprecated, use the `ignore_unconnected` option (kibot.pre_ignore_unconnected - pre_ignore_unconnected.py:26)
WARNING:(W143) The `ignore_unconnected` preflight is deprecated, use the `ignore_unconnected` option (kibot.pre_ignore_unconnected - pre_ignore_unconnected.py:26)
WARNING:(W143) The `ignore_unconnected` preflight is deprecated, use the `ignore_unconnected` option (kibot.pre_ignore_unconnected - pre_ignore_unconnected.py:26)
WARNING:(W143) For KiCad 8 use the `drc` preflight instead of `run_drc` (kibot.pre_run_drc - pre_run_drc.py:81)
ERROR:Found 0 DRC errors and 6 unconnected pad/s or warnings (pcbnew_do - pcbnew_do:1443) (kibot - kiplot.py:130)
WARNING:(W143) The `ignore_unconnected` preflight is deprecated, use the `ignore_unconnected` option (kibot.pre_ignore_unconnected - pre_ignore_unconnected.py:26)
WARNING:(W143) The `pdf_pcb_print` and `svg_pcb_print` outputs are deprecated, use `pcb_print` instead (kibot - out_any_pcb_print.py:72)
WARNING:(W143) The `ignore_unconnected` preflight is deprecated, use the `ignore_unconnected` option (kibot.pre_ignore_unconnected - pre_ignore_unconnected.py:26)
WARNING:(W143) The `pdf_pcb_print` and `svg_pcb_print` outputs are deprecated, use `pcb_print` instead (kibot - out_any_pcb_print.py:72)
WARNING:(W143) The `ignore_unconnected` preflight is deprecated, use the `ignore_unconnected` option (kibot.pre_ignore_unconnected - pre_ignore_unconnected.py:26)
WARNING:(W015) Unknown option `exclude_filter` (kibot - optionable.py:225)
WARNING:(W143) The `ignore_unconnected` preflight is deprecated, use the `ignore_unconnected` option (kibot.pre_ignore_unconnected - pre_ignore_unconnected.py:26)
WARNING:(W049) Layer "Inner layer 1" (In1_Cu) isn't used (kibot - out_any_layer.py:188)
WARNING:(W049) Layer "Inner layer 2" (In2_Cu) isn't used (kibot - out_any_layer.py:188)
WARNING:(W049) Layer "Inner layer 3" (In3_Cu) isn't used (kibot - out_any_layer.py:188)
WARNING:(W049) Layer "Inner layer 4" (In4_Cu) isn't used (kibot - out_any_layer.py:188)
WARNING:(W049) Layer "Inner layer 5" (In5_Cu) isn't used (kibot - out_any_layer.py:188)
WARNING:(W049) Layer "Inner layer 6" (In6_Cu) isn't used (kibot - out_any_layer.py:188)
WARNING:(W143) The `ignore_unconnected` preflight is deprecated, use the `ignore_unconnected` option (kibot.pre_ignore_unconnected - pre_ignore_unconnected.py:26)
WARNING:(W143) The `ignore_unconnected` preflight is deprecated, use the `ignore_unconnected` option (kibot.pre_ignore_unconnected - pre_ignore_unconnected.py:26)
WARNING:(W143) The `ignore_unconnected` preflight is deprecated, use the `ignore_unconnected` option (kibot.pre_ignore_unconnected - pre_ignore_unconnected.py:26)
WARNING:(W143) This output depends on KiCad version, use `blender_export` instead (kibot - out_render_3d.py:307)
WARNING:(W143) The `ignore_unconnected` preflight is deprecated, use the `ignore_unconnected` option (kibot.pre_ignore_unconnected - pre_ignore_unconnected.py:26)
WARNING:(W143) This output depends on KiCad version, use `blender_export` instead (kibot - out_render_3d.py:307)
WARNING:(W143) The `ignore_unconnected` preflight is deprecated, use the `ignore_unconnected` option (kibot.pre_ignore_unconnected - pre_ignore_unconnected.py:26)
WARNING:(W143) The `ignore_unconnected` preflight is deprecated, use the `ignore_unconnected` option (kibot.pre_ignore_unconnected - pre_ignore_unconnected.py:26)
