WARNING:(W143) The `ignore_unconnected` preflight is deprecated, use the `ignore_unconnected` option (kibot.pre_ignore_unconnected - pre_ignore_unconnected.py:26)
WARNING:(W143) For KiCad 8 use the `erc` preflight instead of `run_erc` (kibot.pre_run_erc - pre_run_erc.py:77)
WARNING:(W058) 56 ERC warnings detected (eeschema_do - eeschema_do:622) (kibot - kiplot.py:133)
WARNING:(W058) (lib_symbol_issues) The current configuration does not include the library 'suku_basics'
    ; warning
    @(1.0414 mm, 0.8636 mm): Symbol U1001 [DISPLAY_TEK1]
 (eeschema_do.kiauto.file_util - file_util.py:154) (kibot - kiplot.py:133)
WARNING:(W058) (lib_symbol_issues) Symbol 'GND' has been modified in library 'power'
    ; warning
    @(1.27 mm, 1.0414 mm): Symbol #PWR01024 [GND]
 (eeschema_do.kiauto.file_util - file_util.py:154) (kibot - kiplot.py:133)
WARNING:(W058) (lib_symbol_issues) Symbol '+3V3' has been modified in library 'power'
    ; warning
    @(1.3208 mm, 0.7112 mm): Symbol #PWR01009 [+3V3]
 (eeschema_do.kiauto.file_util - file_util.py:154) (kibot - kiplot.py:133)
WARNING:(W058) (lib_symbol_issues) Symbol 'GND' has been modified in library 'power'
    ; warning
    @(0.6604 mm, 0.9398 mm): Symbol #PWR01018 [GND]
 (eeschema_do.kiauto.file_util - file_util.py:154) (kibot - kiplot.py:133)
WARNING:(W058) (lib_symbol_issues) The current configuration does not include the library 'suku_basics'
    ; warning
    @(0.2286 mm, 0.6858 mm): Symbol J1003 [SMD_NUT]
 (eeschema_do.kiauto.file_util - file_util.py:154) (kibot - kiplot.py:133)
WARNING:(W058) (lib_symbol_issues) Symbol 'GND' has been modified in library 'power'
    ; warning
    @(0.2286 mm, 0.7366 mm): Symbol #PWR01010 [GND]
 (eeschema_do.kiauto.file_util - file_util.py:154) (kibot - kiplot.py:133)
WARNING:(W058) (lib_symbol_issues) Symbol '+3V3' has been modified in library 'power'
    ; warning
    @(0.7874 mm, 0.8382 mm): Symbol #PWR01015 [+3V3]
 (eeschema_do.kiauto.file_util - file_util.py:154) (kibot - kiplot.py:133)
WARNING:(W058) (lib_symbol_issues) Symbol 'GND' has been modified in library 'power'
    ; warning
    @(0.7874 mm, 0.9398 mm): Symbol #PWR01019 [GND]
 (eeschema_do.kiauto.file_util - file_util.py:154) (kibot - kiplot.py:133)
WARNING:(W058) (lib_symbol_issues) The current configuration does not include the library 'suku_basics'
    ; warning
    @(0.7874 mm, 0.889 mm): Symbol C1002 [CAP]
 (eeschema_do.kiauto.file_util - file_util.py:154) (kibot - kiplot.py:133)
WARNING:(W058) (lib_symbol_issues) The current configuration does not include the library 'suku_basics'
    ; warning
    @(0.6604 mm, 0.889 mm): Symbol C1001 [CAP]
 (eeschema_do.kiauto.file_util - file_util.py:154) (kibot - kiplot.py:133)
WARNING:(W058) (lib_symbol_issues) Symbol '+3V3' has been modified in library 'power'
    ; warning
    @(0.6604 mm, 0.8382 mm): Symbol #PWR01014 [+3V3]
 (eeschema_do.kiauto.file_util - file_util.py:154) (kibot - kiplot.py:133)
WARNING:(W058) (lib_symbol_issues) Symbol 'GND' has been modified in library 'power'
    ; warning
    @(0.2286 mm, 0.9906 mm): Symbol #PWR01022 [GND]
 (eeschema_do.kiauto.file_util - file_util.py:154) (kibot - kiplot.py:133)
WARNING:(W058) (lib_symbol_issues) The current configuration does not include the library 'suku_basics'
    ; warning
    @(0.2286 mm, 0.9398 mm): Symbol J1005 [SMD_NUT]
 (eeschema_do.kiauto.file_util - file_util.py:154) (kibot - kiplot.py:133)
WARNING:(W058) (lib_symbol_issues) Symbol '+3V3' has been modified in library 'power'
    ; warning
    @(2.2606 mm, 0.635 mm): Symbol #PWR01007 [+3V3]
 (eeschema_do.kiauto.file_util - file_util.py:154) (kibot - kiplot.py:133)
WARNING:(W058) (lib_symbol_issues) Symbol 'GND' has been modified in library 'power'
    ; warning
    @(2.7178 mm, 1.0668 mm): Symbol #PWR01026 [GND]
 (eeschema_do.kiauto.file_util - file_util.py:154) (kibot - kiplot.py:133)
WARNING:(W058) (lib_symbol_issues) Symbol '+3V3' has been modified in library 'power'
    ; warning
    @(2.4892 mm, 0.6604 mm): Symbol #PWR01008 [+3V3]
 (eeschema_do.kiauto.file_util - file_util.py:154) (kibot - kiplot.py:133)
WARNING:(W058) (lib_symbol_issues) The current configuration does not include the library 'suku_basics'
    ; warning
    @(2.4892 mm, 0.7112 mm): Symbol R1003 [RES]
 (eeschema_do.kiauto.file_util - file_util.py:154) (kibot - kiplot.py:133)
WARNING:(W058) (lib_symbol_issues) Symbol '+3V3' has been modified in library 'power'
    ; warning
    @(2.6543 mm, 0.7366 mm): Symbol #PWR01011 [+3V3]
 (eeschema_do.kiauto.file_util - file_util.py:154) (kibot - kiplot.py:133)
WARNING:(W058) (lib_symbol_issues) Symbol 'GND' has been modified in library 'power'
    ; warning
    @(2.032 mm, 0.762 mm): Symbol #PWR01012 [GND]
 (eeschema_do.kiauto.file_util - file_util.py:154) (kibot - kiplot.py:133)
WARNING:(W058) (lib_symbol_issues) Symbol 'GND' has been modified in library 'power'
    ; warning
    @(2.032 mm, 1.016 mm): Symbol #PWR01023 [GND]
 (eeschema_do.kiauto.file_util - file_util.py:154) (kibot - kiplot.py:133)
WARNING:(W058) (lib_symbol_issues) Symbol 'GND' has been modified in library 'power'
    ; warning
    @(2.0066 mm, 0.381 mm): Symbol #PWR01001 [GND]
 (eeschema_do.kiauto.file_util - file_util.py:154) (kibot - kiplot.py:133)
WARNING:(W058) (lib_symbol_issues) Symbol 'GND' has been modified in library 'power'
    ; warning
    @(1.8288 mm, 0.4064 mm): Symbol #PWR01004 [GND]
 (eeschema_do.kiauto.file_util - file_util.py:154) (kibot - kiplot.py:133)
WARNING:(W058) (lib_symbol_issues) Symbol '+3V3' has been modified in library 'power'
    ; warning
    @(1.8288 mm, 0.6096 mm): Symbol #PWR01005 [+3V3]
 (eeschema_do.kiauto.file_util - file_util.py:154) (kibot - kiplot.py:133)
WARNING:(W058) (lib_symbol_issues) Symbol '+3V3' has been modified in library 'power'
    ; warning
    @(2.286 mm, 1.27 mm): Symbol #PWR01032 [+3V3]
 (eeschema_do.kiauto.file_util - file_util.py:154) (kibot - kiplot.py:133)
WARNING:(W058) (lib_symbol_issues) The current configuration does not include the library 'suku_basics'
    ; warning
    @(2.286 mm, 1.3208 mm): Symbol R1009 [RES]
 (eeschema_do.kiauto.file_util - file_util.py:154) (kibot - kiplot.py:133)
WARNING:(W058) (lib_symbol_issues) Symbol 'GND' has been modified in library 'power'
    ; warning
    @(2.032 mm, 1.6002 mm): Symbol #PWR01033 [GND]
 (eeschema_do.kiauto.file_util - file_util.py:154) (kibot - kiplot.py:133)
WARNING:(W058) (lib_symbol_issues) The current configuration does not include the library 'suku_basics'
    ; warning
    @(2.032 mm, 1.5494 mm): Symbol J1009 [SMD_NUT]
 (eeschema_do.kiauto.file_util - file_util.py:154) (kibot - kiplot.py:133)
WARNING:(W058) (lib_symbol_issues) Symbol '+3V3' has been modified in library 'power'
    ; warning
    @(1.778 mm, 1.27 mm): Symbol #PWR01027 [+3V3]
 (eeschema_do.kiauto.file_util - file_util.py:154) (kibot - kiplot.py:133)
WARNING:(W058) (lib_symbol_issues) The current configuration does not include the library 'suku_basics'
    ; warning
    @(1.778 mm, 1.3208 mm): Symbol R1004 [RES]
 (eeschema_do.kiauto.file_util - file_util.py:154) (kibot - kiplot.py:133)
WARNING:(W058) (lib_symbol_issues) The current configuration does not include the library 'suku_basics'
    ; warning
    @(2.1844 mm, 1.3208 mm): Symbol R1008 [RES]
 (eeschema_do.kiauto.file_util - file_util.py:154) (kibot - kiplot.py:133)
WARNING:(W058) (lib_symbol_issues) Symbol '+3V3' has been modified in library 'power'
    ; warning
    @(2.1844 mm, 1.27 mm): Symbol #PWR01031 [+3V3]
 (eeschema_do.kiauto.file_util - file_util.py:154) (kibot - kiplot.py:133)
WARNING:(W058) (lib_symbol_issues) The current configuration does not include the library 'suku_basics'
    ; warning
    @(1.9812 mm, 1.3208 mm): Symbol R1006 [RES]
 (eeschema_do.kiauto.file_util - file_util.py:154) (kibot - kiplot.py:133)
WARNING:(W058) (lib_symbol_issues) Symbol '+3V3' has been modified in library 'power'
    ; warning
    @(1.8796 mm, 1.27 mm): Symbol #PWR01028 [+3V3]
 (eeschema_do.kiauto.file_util - file_util.py:154) (kibot - kiplot.py:133)
WARNING:(W058) (lib_symbol_issues) The current configuration does not include the library 'suku_basics'
    ; warning
    @(1.8796 mm, 1.3208 mm): Symbol R1005 [RES]
 (eeschema_do.kiauto.file_util - file_util.py:154) (kibot - kiplot.py:133)
WARNING:(W058) (lib_symbol_issues) Symbol '+3V3' has been modified in library 'power'
    ; warning
    @(1.9812 mm, 1.27 mm): Symbol #PWR01029 [+3V3]
 (eeschema_do.kiauto.file_util - file_util.py:154) (kibot - kiplot.py:133)
WARNING:(W058) (lib_symbol_issues) Symbol 'GND' has been modified in library 'power'
    ; warning
    @(2.0828 mm, 1.27 mm): Symbol #PWR01030 [GND]
 (eeschema_do.kiauto.file_util - file_util.py:154) (kibot - kiplot.py:133)
WARNING:(W058) (lib_symbol_issues) The current configuration does not include the library 'suku_basics'
    ; warning
    @(2.0828 mm, 1.3208 mm): Symbol R1007 [RES]
 (eeschema_do.kiauto.file_util - file_util.py:154) (kibot - kiplot.py:133)
WARNING:(W058) (lib_symbol_issues) The current configuration does not include the library 'suku_basics'
    ; warning
    @(1.8288 mm, 0.3556 mm): Symbol R1001 [RES]
 (eeschema_do.kiauto.file_util - file_util.py:154) (kibot - kiplot.py:133)
WARNING:(W058) (lib_symbol_issues) Symbol '2N7002' has been modified in library 'Transistor_FET'
    ; warning
    @(1.9812 mm, 0.3048 mm): Symbol Q1001 [2N7002]
 (eeschema_do.kiauto.file_util - file_util.py:154) (kibot - kiplot.py:133)
WARNING:(W058) (lib_symbol_issues) The current configuration does not include the library 'suku_basics'
    ; warning
    @(1.397 mm, 0.6858 mm): Symbol R1002 [RES]
 (eeschema_do.kiauto.file_util - file_util.py:154) (kibot - kiplot.py:133)
WARNING:(W058) (lib_symbol_issues) Symbol '+3V3' has been modified in library 'power'
    ; warning
    @(1.397 mm, 0.635 mm): Symbol #PWR01006 [+3V3]
 (eeschema_do.kiauto.file_util - file_util.py:154) (kibot - kiplot.py:133)
WARNING:(W058) (lib_symbol_issues) The current configuration does not include the library 'suku_basics'
    ; warning
    @(2.9464 mm, 0.889 mm): Symbol U1002 [DISPLAY_TEK1]
 (eeschema_do.kiauto.file_util - file_util.py:154) (kibot - kiplot.py:133)
WARNING:(W058) (lib_symbol_issues) Symbol 'GND' has been modified in library 'power'
    ; warning
    @(3.3782 mm, 0.9398 mm): Symbol #PWR01021 [GND]
 (eeschema_do.kiauto.file_util - file_util.py:154) (kibot - kiplot.py:133)
WARNING:(W058) (lib_symbol_issues) The current configuration does not include the library 'suku_basics'
    ; warning
    @(3.3782 mm, 0.889 mm): Symbol C1004 [CAP]
 (eeschema_do.kiauto.file_util - file_util.py:154) (kibot - kiplot.py:133)
WARNING:(W058) (lib_symbol_issues) Symbol '+3V3' has been modified in library 'power'
    ; warning
    @(3.3782 mm, 0.8382 mm): Symbol #PWR01017 [+3V3]
 (eeschema_do.kiauto.file_util - file_util.py:154) (kibot - kiplot.py:133)
WARNING:(W058) (lib_symbol_issues) Symbol 'GND' has been modified in library 'power'
    ; warning
    @(3.7592 mm, 0.7874 mm): Symbol #PWR01013 [GND]
 (eeschema_do.kiauto.file_util - file_util.py:154) (kibot - kiplot.py:133)
WARNING:(W058) (lib_symbol_issues) Symbol 'GND' has been modified in library 'power'
    ; warning
    @(2.6924 mm, 0.381 mm): Symbol #PWR01002 [GND]
 (eeschema_do.kiauto.file_util - file_util.py:154) (kibot - kiplot.py:133)
WARNING:(W058) (lib_symbol_issues) Symbol '+3V3' has been modified in library 'power'
    ; warning
    @(2.8448 mm, 0.381 mm): Symbol #PWR01003 [+3V3]
 (eeschema_do.kiauto.file_util - file_util.py:154) (kibot - kiplot.py:133)
WARNING:(W058) (lib_symbol_issues) Symbol '+3V3' has been modified in library 'power'
    ; warning
    @(3.2512 mm, 0.8382 mm): Symbol #PWR01016 [+3V3]
 (eeschema_do.kiauto.file_util - file_util.py:154) (kibot - kiplot.py:133)
WARNING:(W058) (lib_symbol_issues) Symbol 'GND' has been modified in library 'power'
    ; warning
    @(3.2512 mm, 0.9398 mm): Symbol #PWR01020 [GND]
 (eeschema_do.kiauto.file_util - file_util.py:154) (kibot - kiplot.py:133)
WARNING:(W058) (lib_symbol_issues) The current configuration does not include the library 'suku_basics'
    ; warning
    @(3.2512 mm, 0.889 mm): Symbol C1003 [CAP]
 (eeschema_do.kiauto.file_util - file_util.py:154) (kibot - kiplot.py:133)
WARNING:(W058) (lib_symbol_issues) The current configuration does not include the library 'suku_basics'
    ; warning
    @(3.7592 mm, 0.9906 mm): Symbol J1006 [SMD_NUT]
 (eeschema_do.kiauto.file_util - file_util.py:154) (kibot - kiplot.py:133)
WARNING:(W058) (lib_symbol_issues) The current configuration does not include the library 'suku_basics'
    ; warning
    @(3.7592 mm, 0.7366 mm): Symbol J1004 [SMD_NUT]
 (eeschema_do.kiauto.file_util - file_util.py:154) (kibot - kiplot.py:133)
WARNING:(W058) (lib_symbol_issues) Symbol 'GND' has been modified in library 'power'
    ; warning
    @(3.7592 mm, 1.0414 mm): Symbol #PWR01025 [GND]
 (eeschema_do.kiauto.file_util - file_util.py:154) (kibot - kiplot.py:133)
WARNING:(W058) (lib_symbol_issues) Symbol 'PWR_FLAG' has been modified in library 'power'
    ; warning
    @(2.8448 mm, 0.3302 mm): Symbol #FLG01002 [PWR_FLAG]
 (eeschema_do.kiauto.file_util - file_util.py:154) (kibot - kiplot.py:133)
WARNING:(W058) (lib_symbol_issues) Symbol 'PWR_FLAG' has been modified in library 'power'
    ; warning
    @(2.6924 mm, 0.3302 mm): Symbol #FLG01001 [PWR_FLAG]
 (eeschema_do.kiauto.file_util - file_util.py:154) (kibot - kiplot.py:133)
WARNING:(W143) The `ignore_unconnected` preflight is deprecated, use the `ignore_unconnected` option (kibot.pre_ignore_unconnected - pre_ignore_unconnected.py:26)
WARNING:(W143) The `ignore_unconnected` preflight is deprecated, use the `ignore_unconnected` option (kibot.pre_ignore_unconnected - pre_ignore_unconnected.py:26)
WARNING:(W143) The `ignore_unconnected` preflight is deprecated, use the `ignore_unconnected` option (kibot.pre_ignore_unconnected - pre_ignore_unconnected.py:26)
WARNING:(W143) For KiCad 8 use the `drc` preflight instead of `run_drc` (kibot.pre_run_drc - pre_run_drc.py:81)
ERROR:Found 0 DRC errors and 63 unconnected pad/s or warnings (pcbnew_do - pcbnew_do:1443) (kibot - kiplot.py:130)
WARNING:(W143) The `ignore_unconnected` preflight is deprecated, use the `ignore_unconnected` option (kibot.pre_ignore_unconnected - pre_ignore_unconnected.py:26)
WARNING:(W143) The `pdf_pcb_print` and `svg_pcb_print` outputs are deprecated, use `pcb_print` instead (kibot - out_any_pcb_print.py:72)
WARNING:(W143) The `ignore_unconnected` preflight is deprecated, use the `ignore_unconnected` option (kibot.pre_ignore_unconnected - pre_ignore_unconnected.py:26)
WARNING:(W143) The `pdf_pcb_print` and `svg_pcb_print` outputs are deprecated, use `pcb_print` instead (kibot - out_any_pcb_print.py:72)
WARNING:(W143) The `ignore_unconnected` preflight is deprecated, use the `ignore_unconnected` option (kibot.pre_ignore_unconnected - pre_ignore_unconnected.py:26)
WARNING:(W015) Unknown option `exclude_filter` (kibot - optionable.py:225)
WARNING:(W143) The `ignore_unconnected` preflight is deprecated, use the `ignore_unconnected` option (kibot.pre_ignore_unconnected - pre_ignore_unconnected.py:26)
WARNING:(W049) Layer "Inner layer 1" (In1_Cu) isn't used (kibot - out_any_layer.py:188)
WARNING:(W049) Layer "Inner layer 2" (In2_Cu) isn't used (kibot - out_any_layer.py:188)
WARNING:(W049) Layer "Inner layer 3" (In3_Cu) isn't used (kibot - out_any_layer.py:188)
WARNING:(W049) Layer "Inner layer 4" (In4_Cu) isn't used (kibot - out_any_layer.py:188)
WARNING:(W049) Layer "Inner layer 5" (In5_Cu) isn't used (kibot - out_any_layer.py:188)
WARNING:(W049) Layer "Inner layer 6" (In6_Cu) isn't used (kibot - out_any_layer.py:188)
WARNING:(W143) The `ignore_unconnected` preflight is deprecated, use the `ignore_unconnected` option (kibot.pre_ignore_unconnected - pre_ignore_unconnected.py:26)
WARNING:(W143) The `ignore_unconnected` preflight is deprecated, use the `ignore_unconnected` option (kibot.pre_ignore_unconnected - pre_ignore_unconnected.py:26)
WARNING:(W143) The `ignore_unconnected` preflight is deprecated, use the `ignore_unconnected` option (kibot.pre_ignore_unconnected - pre_ignore_unconnected.py:26)
WARNING:(W143) This output depends on KiCad version, use `blender_export` instead (kibot - out_render_3d.py:307)
ERROR:Unable to expand `KICAD6_3DMODEL_DIR` in `${KICAD6_3DMODEL_DIR}/Resistor_SMD.3dshapes/R_0402_1005Metric.wrl` (kibot - config.py:114)
ERROR:Unable to expand `INTECH_3D` in `${INTECH_3D}/battery_conn.step` (kibot - config.py:114)
WARNING:(W047) Missing 3D model for J1008: `${INTECH_3D}/battery_conn.step` (kibot - out_base_3d.py:514)
WARNING:(W047) Missing 3D model for J1007: `${INTECH_3D}/battery_conn.step` (kibot - out_base_3d.py:514)
WARNING:(W047) Missing 3D model for J1002: `${INTECH_3D}/battery_conn.step` (kibot - out_base_3d.py:514)
WARNING:(W047) Missing 3D model for J1001: `${INTECH_3D}/battery_conn.step` (kibot - out_base_3d.py:514)
WARNING:(W098)  3 3D models downloaded or cached (kibot - out_base_3d.py:527)
WARNING:(W143) The `ignore_unconnected` preflight is deprecated, use the `ignore_unconnected` option (kibot.pre_ignore_unconnected - pre_ignore_unconnected.py:26)
WARNING:(W143) This output depends on KiCad version, use `blender_export` instead (kibot - out_render_3d.py:307)
ERROR:Unable to expand `KICAD6_3DMODEL_DIR` in `${KICAD6_3DMODEL_DIR}/Resistor_SMD.3dshapes/R_0402_1005Metric.wrl` (kibot - config.py:114)
ERROR:Unable to expand `INTECH_3D` in `${INTECH_3D}/battery_conn.step` (kibot - config.py:114)
WARNING:(W047) Missing 3D model for J1008: `${INTECH_3D}/battery_conn.step` (kibot - out_base_3d.py:514)
WARNING:(W047) Missing 3D model for J1007: `${INTECH_3D}/battery_conn.step` (kibot - out_base_3d.py:514)
WARNING:(W047) Missing 3D model for J1002: `${INTECH_3D}/battery_conn.step` (kibot - out_base_3d.py:514)
WARNING:(W047) Missing 3D model for J1001: `${INTECH_3D}/battery_conn.step` (kibot - out_base_3d.py:514)
WARNING:(W098)  3 3D models downloaded or cached (kibot - out_base_3d.py:527)
WARNING:(W143) The `ignore_unconnected` preflight is deprecated, use the `ignore_unconnected` option (kibot.pre_ignore_unconnected - pre_ignore_unconnected.py:26)
ERROR:Unable to expand `KICAD6_3DMODEL_DIR` in `${KICAD6_3DMODEL_DIR}/Resistor_SMD.3dshapes/R_0402_1005Metric.wrl` (kibot - config.py:114)
ERROR:Unable to expand `INTECH_3D` in `${INTECH_3D}/battery_conn.step` (kibot - config.py:114)
WARNING:(W047) Missing 3D model for J1008: `${INTECH_3D}/battery_conn.step` (kibot - out_base_3d.py:514)
WARNING:(W047) Missing 3D model for J1007: `${INTECH_3D}/battery_conn.step` (kibot - out_base_3d.py:514)
WARNING:(W047) Missing 3D model for J1002: `${INTECH_3D}/battery_conn.step` (kibot - out_base_3d.py:514)
WARNING:(W047) Missing 3D model for J1001: `${INTECH_3D}/battery_conn.step` (kibot - out_base_3d.py:514)
WARNING:(W098)  3 3D models downloaded or cached (kibot - out_base_3d.py:527)
WARNING:(W143) The `ignore_unconnected` preflight is deprecated, use the `ignore_unconnected` option (kibot.pre_ignore_unconnected - pre_ignore_unconnected.py:26)
ERROR:Unable to expand `KICAD6_3DMODEL_DIR` in `${KICAD6_3DMODEL_DIR}/Resistor_SMD.3dshapes/R_0402_1005Metric.wrl` (kibot - config.py:114)
ERROR:Unable to expand `INTECH_3D` in `${INTECH_3D}/battery_conn.step` (kibot - config.py:114)
WARNING:(W047) Missing 3D model for J1008: `${INTECH_3D}/battery_conn.step` (kibot - out_base_3d.py:514)
WARNING:(W047) Missing 3D model for J1007: `${INTECH_3D}/battery_conn.step` (kibot - out_base_3d.py:514)
WARNING:(W047) Missing 3D model for J1002: `${INTECH_3D}/battery_conn.step` (kibot - out_base_3d.py:514)
WARNING:(W047) Missing 3D model for J1001: `${INTECH_3D}/battery_conn.step` (kibot - out_base_3d.py:514)
WARNING:(W098)  3 3D models downloaded or cached (kibot - out_base_3d.py:527)
