WARNING:(W037) Field Datasheet of component J701 (Conn_Coaxial C5137195) contains extra spaces: ` ~` removing them. (kibot - v5_sch.py:1057)
WARNING:(W058) Missing KiCad main config file /github/home/.config/kicad/7.0/kicad_common.json (eeschema_do - misc.py:201) (kibot - kiplot.py:132)
WARNING:(W058) 334 ERC warnings detected (eeschema_do - eeschema_do:1001) (kibot - kiplot.py:132)
WARNING:(W058) (multiple_net_names) Both ESP_GPIO_1 and ESP_GPIO_18 are attached to the same items; ESP_GPIO_1 will be used in the netlist
    @(218.4400 mm, 218.4400 mm): Global Label 'ESP_GPIO_1'
    @(218.4400 mm, 220.9800 mm): Global Label 'ESP_GPIO_18' (eeschema_do.kiauto.file_util - file_util.py:153) (kibot - kiplot.py:132)
WARNING:(W058) (lib_symbol_issues) The current configuration does not include the library 'suku_basics'
    @(83.8200 mm, 78.7400 mm): Symbol C906 [CAP] (eeschema_do.kiauto.file_util - file_util.py:153) (kibot - kiplot.py:132)
WARNING:(W058) (lib_symbol_issues) Symbol '+5V' has been modified in library 'power'
    @(76.2000 mm, 76.2000 mm): Symbol #PWR0946 [+5V] (eeschema_do.kiauto.file_util - file_util.py:153) (kibot - kiplot.py:132)
WARNING:(W058) (lib_symbol_issues) The current configuration does not include the library 'suku_basics'
    @(58.4200 mm, 78.7400 mm): Symbol C902 [CAP] (eeschema_do.kiauto.file_util - file_util.py:153) (kibot - kiplot.py:132)
WARNING:(W058) (lib_symbol_issues) Symbol '+5V' has been modified in library 'power'
    @(50.8000 mm, 76.2000 mm): Symbol #PWR0932 [+5V] (eeschema_do.kiauto.file_util - file_util.py:153) (kibot - kiplot.py:132)
WARNING:(W058) (lib_symbol_issues) Symbol 'GND' has been modified in library 'power'
    @(63.5000 mm, 81.2800 mm): Symbol #PWR0939 [GND] (eeschema_do.kiauto.file_util - file_util.py:153) (kibot - kiplot.py:132)
WARNING:(W058) (lib_symbol_issues) Symbol 'GND' has been modified in library 'power'
    @(50.8000 mm, 99.0600 mm): Symbol #PWR0933 [GND] (eeschema_do.kiauto.file_util - file_util.py:153) (kibot - kiplot.py:132)
WARNING:(W058) (lib_symbol_issues) The current configuration does not include the library 'suku_basics'
    @(50.8000 mm, 88.9000 mm): Symbol D902 [UI_WS2812C-2020] (eeschema_do.kiauto.file_util - file_util.py:153) (kibot - kiplot.py:132)
WARNING:(W058) (lib_symbol_issues) Symbol 'GND' has been modified in library 'power'
    @(139.7000 mm, 81.2800 mm): Symbol #PWR0977 [GND] (eeschema_do.kiauto.file_util - file_util.py:153) (kibot - kiplot.py:132)
WARNING:(W058) (lib_symbol_issues) The current configuration does not include the library 'suku_basics'
    @(109.2200 mm, 78.7400 mm): Symbol C910 [CAP] (eeschema_do.kiauto.file_util - file_util.py:153) (kibot - kiplot.py:132)
WARNING:(W058) (lib_symbol_issues) Symbol 'GND' has been modified in library 'power'
    @(114.3000 mm, 81.2800 mm): Symbol #PWR0965 [GND] (eeschema_do.kiauto.file_util - file_util.py:153) (kibot - kiplot.py:132)
WARNING:(W058) (lib_symbol_issues) The current configuration does not include the library 'suku_basics'
    @(50.8000 mm, 50.8000 mm): Symbol D901 [UI_WS2812C-2020] (eeschema_do.kiauto.file_util - file_util.py:153) (kibot - kiplot.py:132)
WARNING:(W058) (lib_symbol_issues) Symbol '+5V' has been modified in library 'power'
    @(76.2000 mm, 38.1000 mm): Symbol #PWR0944 [+5V] (eeschema_do.kiauto.file_util - file_util.py:153) (kibot - kiplot.py:132)
WARNING:(W058) (lib_symbol_issues) Symbol 'GND' has been modified in library 'power'
    @(50.8000 mm, 60.9600 mm): Symbol #PWR0931 [GND] (eeschema_do.kiauto.file_util - file_util.py:153) (kibot - kiplot.py:132)
WARNING:(W058) (lib_symbol_issues) The current configuration does not include the library 'suku_basics'
    @(83.8200 mm, 40.6400 mm): Symbol C905 [CAP] (eeschema_do.kiauto.file_util - file_util.py:153) (kibot - kiplot.py:132)
WARNING:(W058) (lib_symbol_issues) The current configuration does not include the library 'suku_basics'
    @(76.2000 mm, 50.8000 mm): Symbol D905 [UI_WS2812C-2020] (eeschema_do.kiauto.file_util - file_util.py:153) (kibot - kiplot.py:132)
WARNING:(W058) (lib_symbol_issues) The current configuration does not include the library 'suku_basics'
    @(58.4200 mm, 40.6400 mm): Symbol C901 [CAP] (eeschema_do.kiauto.file_util - file_util.py:153) (kibot - kiplot.py:132)
WARNING:(W058) (lib_symbol_issues) Symbol '+5V' has been modified in library 'power'
    @(50.8000 mm, 38.1000 mm): Symbol #PWR0930 [+5V] (eeschema_do.kiauto.file_util - file_util.py:153) (kibot - kiplot.py:132)
WARNING:(W058) (lib_symbol_issues) Symbol 'GND' has been modified in library 'power'
    @(76.2000 mm, 60.9600 mm): Symbol #PWR0945 [GND] (eeschema_do.kiauto.file_util - file_util.py:153) (kibot - kiplot.py:132)
WARNING:(W058) (lib_symbol_issues) Symbol 'GND' has been modified in library 'power'
    @(88.9000 mm, 81.2800 mm): Symbol #PWR0953 [GND] (eeschema_do.kiauto.file_util - file_util.py:153) (kibot - kiplot.py:132)
WARNING:(W058) (lib_symbol_issues) Symbol 'GND' has been modified in library 'power'
    @(127.0000 mm, 99.0600 mm): Symbol #PWR0971 [GND] (eeschema_do.kiauto.file_util - file_util.py:153) (kibot - kiplot.py:132)
WARNING:(W058) (lib_symbol_issues) Symbol 'GND' has been modified in library 'power'
    @(101.6000 mm, 99.0600 mm): Symbol #PWR0959 [GND] (eeschema_do.kiauto.file_util - file_util.py:153) (kibot - kiplot.py:132)
WARNING:(W058) (lib_symbol_issues) The current configuration does not include the library 'suku_basics'
    @(127.0000 mm, 88.9000 mm): Symbol D914 [UI_WS2812C-2020] (eeschema_do.kiauto.file_util - file_util.py:153) (kibot - kiplot.py:132)
WARNING:(W058) (lib_symbol_issues) The current configuration does not include the library 'suku_basics'
    @(134.6200 mm, 78.7400 mm): Symbol C914 [CAP] (eeschema_do.kiauto.file_util - file_util.py:153) (kibot - kiplot.py:132)
WARNING:(W058) (lib_symbol_issues) Symbol '+5V' has been modified in library 'power'
    @(127.0000 mm, 76.2000 mm): Symbol #PWR0970 [+5V] (eeschema_do.kiauto.file_util - file_util.py:153) (kibot - kiplot.py:132)
WARNING:(W058) (lib_symbol_issues) Symbol 'GND' has been modified in library 'power'
    @(101.6000 mm, 60.9600 mm): Symbol #PWR0957 [GND] (eeschema_do.kiauto.file_util - file_util.py:153) (kibot - kiplot.py:132)
WARNING:(W058) (lib_symbol_issues) Symbol 'GND' has been modified in library 'power'
    @(63.5000 mm, 43.1800 mm): Symbol #PWR0938 [GND] (eeschema_do.kiauto.file_util - file_util.py:153) (kibot - kiplot.py:132)
WARNING:(W058) (lib_symbol_issues) The current configuration does not include the library 'suku_basics'
    @(76.2000 mm, 88.9000 mm): Symbol D906 [UI_WS2812C-2020] (eeschema_do.kiauto.file_util - file_util.py:153) (kibot - kiplot.py:132)
WARNING:(W058) (lib_symbol_issues) Symbol 'GND' has been modified in library 'power'
    @(76.2000 mm, 99.0600 mm): Symbol #PWR0947 [GND] (eeschema_do.kiauto.file_util - file_util.py:153) (kibot - kiplot.py:132)
WARNING:(W058) (lib_symbol_issues) Symbol 'GND' has been modified in library 'power'
    @(88.9000 mm, 43.1800 mm): Symbol #PWR0952 [GND] (eeschema_do.kiauto.file_util - file_util.py:153) (kibot - kiplot.py:132)
WARNING:(W058) (lib_symbol_issues) The current configuration does not include the library 'suku_basics'
    @(101.6000 mm, 50.8000 mm): Symbol D909 [UI_WS2812C-2020] (eeschema_do.kiauto.file_util - file_util.py:153) (kibot - kiplot.py:132)
WARNING:(W058) (lib_symbol_issues) Symbol 'GND' has been modified in library 'power'
    @(114.3000 mm, 43.1800 mm): Symbol #PWR0964 [GND] (eeschema_do.kiauto.file_util - file_util.py:153) (kibot - kiplot.py:132)
WARNING:(W058) (lib_symbol_issues) The current configuration does not include the library 'suku_basics'
    @(101.6000 mm, 88.9000 mm): Symbol D910 [UI_WS2812C-2020] (eeschema_do.kiauto.file_util - file_util.py:153) (kibot - kiplot.py:132)
WARNING:(W058) (lib_symbol_issues) Symbol '+5V' has been modified in library 'power'
    @(101.6000 mm, 76.2000 mm): Symbol #PWR0958 [+5V] (eeschema_do.kiauto.file_util - file_util.py:153) (kibot - kiplot.py:132)
WARNING:(W058) (lib_symbol_issues) The current configuration does not include the library 'suku_basics'
    @(109.2200 mm, 40.6400 mm): Symbol C909 [CAP] (eeschema_do.kiauto.file_util - file_util.py:153) (kibot - kiplot.py:132)
WARNING:(W058) (lib_symbol_issues) The current configuration does not include the library 'suku_basics'
    @(134.6200 mm, 40.6400 mm): Symbol C913 [CAP] (eeschema_do.kiauto.file_util - file_util.py:153) (kibot - kiplot.py:132)
WARNING:(W058) (lib_symbol_issues) Symbol 'GND' has been modified in library 'power'
    @(139.7000 mm, 43.1800 mm): Symbol #PWR0976 [GND] (eeschema_do.kiauto.file_util - file_util.py:153) (kibot - kiplot.py:132)
WARNING:(W058) (lib_symbol_issues) Symbol '+5V' has been modified in library 'power'
    @(101.6000 mm, 38.1000 mm): Symbol #PWR0956 [+5V] (eeschema_do.kiauto.file_util - file_util.py:153) (kibot - kiplot.py:132)
WARNING:(W058) (lib_symbol_issues) Symbol '+5V' has been modified in library 'power'
    @(127.0000 mm, 38.1000 mm): Symbol #PWR0968 [+5V] (eeschema_do.kiauto.file_util - file_util.py:153) (kibot - kiplot.py:132)
WARNING:(W058) (lib_symbol_issues) Symbol 'GND' has been modified in library 'power'
    @(127.0000 mm, 60.9600 mm): Symbol #PWR0969 [GND] (eeschema_do.kiauto.file_util - file_util.py:153) (kibot - kiplot.py:132)
WARNING:(W058) (lib_symbol_issues) The current configuration does not include the library 'suku_basics'
    @(127.0000 mm, 50.8000 mm): Symbol D913 [UI_WS2812C-2020] (eeschema_do.kiauto.file_util - file_util.py:153) (kibot - kiplot.py:132)
WARNING:(W058) (lib_symbol_issues) Symbol 'GND' has been modified in library 'power'
    @(147.3200 mm, 116.8400 mm): Symbol #PWR0817 [GND] (eeschema_do.kiauto.file_util - file_util.py:153) (kibot - kiplot.py:132)
WARNING:(W058) (lib_symbol_issues) The current configuration does not include the library 'suku_basics'
    @(167.6400 mm, 116.8400 mm): Symbol C750 [CAP] (eeschema_do.kiauto.file_util - file_util.py:153) (kibot - kiplot.py:132)
WARNING:(W058) (lib_symbol_issues) Symbol 'GND' has been modified in library 'power'
    @(167.6400 mm, 121.9200 mm): Symbol #PWR0821 [GND] (eeschema_do.kiauto.file_util - file_util.py:153) (kibot - kiplot.py:132)
WARNING:(W058) (lib_symbol_issues) Symbol 'GND' has been modified in library 'power'
    @(160.0200 mm, 121.9200 mm): Symbol #PWR0819 [GND] (eeschema_do.kiauto.file_util - file_util.py:153) (kibot - kiplot.py:132)
WARNING:(W058) (lib_symbol_issues) The current configuration does not include the library 'suku_basics'
    @(160.0200 mm, 116.8400 mm): Symbol C748 [CAP] (eeschema_do.kiauto.file_util - file_util.py:153) (kibot - kiplot.py:132)
WARNING:(W058) (lib_symbol_issues) The current configuration does not include the library 'suku_basics'
    @(124.4600 mm, 66.0400 mm): Symbol L701 [INDUCTOR] (eeschema_do.kiauto.file_util - file_util.py:153) (kibot - kiplot.py:132)
WARNING:(W058) (lib_symbol_issues) The current configuration does not include the library 'suku_basics'
    @(119.3800 mm, 71.1200 mm): Symbol C739 [CAP] (eeschema_do.kiauto.file_util - file_util.py:153) (kibot - kiplot.py:132)
WARNING:(W058) (lib_symbol_issues) Symbol 'GND' has been modified in library 'power'
    @(104.1400 mm, 73.6600 mm): Symbol #PWR0804 [GND] (eeschema_do.kiauto.file_util - file_util.py:153) (kibot - kiplot.py:132)
WARNING:(W058) (lib_symbol_issues) Symbol 'GND' has been modified in library 'power'
    @(119.3800 mm, 76.2000 mm): Symbol #PWR0808 [GND] (eeschema_do.kiauto.file_util - file_util.py:153) (kibot - kiplot.py:132)
WARNING:(W058) (lib_symbol_issues) The current configuration does not include the library 'suku_basics'
    @(147.3200 mm, 43.1800 mm): Symbol C746 [CAP] (eeschema_do.kiauto.file_util - file_util.py:153) (kibot - kiplot.py:132)
WARNING:(W058) (lib_symbol_issues) Symbol 'GND' has been modified in library 'power'
    @(147.3200 mm, 48.2600 mm): Symbol #PWR0816 [GND] (eeschema_do.kiauto.file_util - file_util.py:153) (kibot - kiplot.py:132)
WARNING:(W058) (lib_symbol_issues) Symbol 'GND' has been modified in library 'power'
    @(165.1000 mm, 48.2600 mm): Symbol #PWR0820 [GND] (eeschema_do.kiauto.file_util - file_util.py:153) (kibot - kiplot.py:132)
WARNING:(W058) (lib_symbol_issues) The current configuration does not include the library 'suku_basics'
    @(165.1000 mm, 43.1800 mm): Symbol C749 [CAP] (eeschema_do.kiauto.file_util - file_util.py:153) (kibot - kiplot.py:132)
WARNING:(W058) (lib_symbol_issues) The current configuration does not include the library 'suku_basics'
    @(160.0200 mm, 38.1000 mm): Symbol L702 [FERRIT] (eeschema_do.kiauto.file_util - file_util.py:153) (kibot - kiplot.py:132)
WARNING:(W058) (lib_symbol_issues) Symbol 'GND' has been modified in library 'power'
    @(154.9400 mm, 48.2600 mm): Symbol #PWR0818 [GND] (eeschema_do.kiauto.file_util - file_util.py:153) (kibot - kiplot.py:132)
WARNING:(W058) (lib_symbol_issues) The current configuration does not include the library 'suku_basics'
    @(154.9400 mm, 43.1800 mm): Symbol C747 [CAP] (eeschema_do.kiauto.file_util - file_util.py:153) (kibot - kiplot.py:132)
WARNING:(W058) (lib_symbol_issues) Symbol 'PWR_FLAG' has been modified in library 'power'
    @(172.7200 mm, 35.5600 mm): Symbol #FLG0701 [PWR_FLAG] (eeschema_do.kiauto.file_util - file_util.py:153) (kibot - kiplot.py:132)
WARNING:(W058) (lib_symbol_issues) Symbol '+3V3' has been modified in library 'power'
    @(134.6200 mm, 35.5600 mm): Symbol #PWR0812 [+3V3] (eeschema_do.kiauto.file_util - file_util.py:153) (kibot - kiplot.py:132)
WARNING:(W058) (lib_symbol_issues) Symbol 'GND' has been modified in library 'power'
    @(129.5400 mm, 76.2000 mm): Symbol #PWR0811 [GND] (eeschema_do.kiauto.file_util - file_util.py:153) (kibot - kiplot.py:132)
WARNING:(W058) (lib_symbol_issues) The current configuration does not include the library 'suku_basics'
    @(129.5400 mm, 71.1200 mm): Symbol C742 [CAP] (eeschema_do.kiauto.file_util - file_util.py:153) (kibot - kiplot.py:132)
WARNING:(W058) (lib_symbol_issues) The current configuration does not include the library 'suku_basics'
    @(134.6200 mm, 43.1800 mm): Symbol C743 [CAP] (eeschema_do.kiauto.file_util - file_util.py:153) (kibot - kiplot.py:132)
WARNING:(W058) (lib_symbol_issues) Symbol 'GND' has been modified in library 'power'
    @(134.6200 mm, 48.2600 mm): Symbol #PWR0813 [GND] (eeschema_do.kiauto.file_util - file_util.py:153) (kibot - kiplot.py:132)
WARNING:(W058) (lib_symbol_issues) The current configuration does not include the library 'suku_basics'
    @(185.4200 mm, 40.6400 mm): Symbol C751 [CAP] (eeschema_do.kiauto.file_util - file_util.py:153) (kibot - kiplot.py:132)
WARNING:(W058) (lib_symbol_issues) Symbol 'GND' has been modified in library 'power'
    @(185.4200 mm, 45.7200 mm): Symbol #PWR0823 [GND] (eeschema_do.kiauto.file_util - file_util.py:153) (kibot - kiplot.py:132)
WARNING:(W058) (lib_symbol_issues) The current configuration does not include the library 'suku_basics'
    @(193.0400 mm, 33.0200 mm): Symbol #PWR0824 [VDD_SPI] (eeschema_do.kiauto.file_util - file_util.py:153) (kibot - kiplot.py:132)
WARNING:(W058) (lib_symbol_issues) Symbol '+3V3' has been modified in library 'power'
    @(185.4200 mm, 33.0200 mm): Symbol #PWR0822 [+3V3] (eeschema_do.kiauto.file_util - file_util.py:153) (kibot - kiplot.py:132)
WARNING:(W058) (lib_symbol_issues) Symbol '+3V3' has been modified in library 'power'
    @(200.6600 mm, 33.0200 mm): Symbol #PWR0826 [+3V3] (eeschema_do.kiauto.file_util - file_util.py:153) (kibot - kiplot.py:132)
WARNING:(W058) (lib_symbol_issues) The current configuration does not include the library 'suku_basics'
    @(152.4000 mm, 106.6800 mm): Symbol Y701 [ESP32_XTAL] (eeschema_do.kiauto.file_util - file_util.py:153) (kibot - kiplot.py:132)
WARNING:(W058) (lib_symbol_issues) Symbol 'GND' has been modified in library 'power'
    @(195.5800 mm, 154.9400 mm): Symbol #PWR0825 [GND] (eeschema_do.kiauto.file_util - file_util.py:153) (kibot - kiplot.py:132)
WARNING:(W058) (lib_symbol_issues) The current configuration does not include the library 'suku_basics'
    @(195.5800 mm, 99.0600 mm): Symbol U704 [ESP32-S3] (eeschema_do.kiauto.file_util - file_util.py:153) (kibot - kiplot.py:132)
WARNING:(W058) (global_label_dangling) Global label not connected anywhere else in the schematic
    @(228.6000 mm, 137.1600 mm): Global Label 'ESP_GPIO_46' (eeschema_do.kiauto.file_util - file_util.py:153) (kibot - kiplot.py:132)
WARNING:(W058) (global_label_dangling) Global label not connected anywhere else in the schematic
    @(228.6000 mm, 134.6200 mm): Global Label 'ESP_GPIO_45' (eeschema_do.kiauto.file_util - file_util.py:153) (kibot - kiplot.py:132)
WARNING:(W058) (global_label_dangling) Global label not connected anywhere else in the schematic
    @(228.6000 mm, 124.4600 mm): Global Label 'ESP_GPIO_36' (eeschema_do.kiauto.file_util - file_util.py:153) (kibot - kiplot.py:132)
WARNING:(W058) (global_label_dangling) Global label not connected anywhere else in the schematic
    @(228.6000 mm, 121.9200 mm): Global Label 'ESP_GPIO_35' (eeschema_do.kiauto.file_util - file_util.py:153) (kibot - kiplot.py:132)
WARNING:(W058) (global_label_dangling) Global label not connected anywhere else in the schematic
    @(228.6000 mm, 101.6000 mm): Global Label 'ESP_GPIO_16' (eeschema_do.kiauto.file_util - file_util.py:153) (kibot - kiplot.py:132)
WARNING:(W058) (global_label_dangling) Global label not connected anywhere else in the schematic
    @(228.6000 mm, 71.1200 mm): Global Label 'ESP_GPIO_4' (eeschema_do.kiauto.file_util - file_util.py:153) (kibot - kiplot.py:132)
WARNING:(W058) (global_label_dangling) Global label not connected anywhere else in the schematic
    @(228.6000 mm, 68.5800 mm): Global Label 'ESP_GPIO_3' (eeschema_do.kiauto.file_util - file_util.py:153) (kibot - kiplot.py:132)
WARNING:(W058) (lib_symbol_issues) The current configuration does not include the library 'suku_basics'
    @(200.6600 mm, 40.6400 mm): Symbol C752 [CAP] (eeschema_do.kiauto.file_util - file_util.py:153) (kibot - kiplot.py:132)
WARNING:(W058) (lib_symbol_issues) Symbol 'GND' has been modified in library 'power'
    @(200.6600 mm, 45.7200 mm): Symbol #PWR0827 [GND] (eeschema_do.kiauto.file_util - file_util.py:153) (kibot - kiplot.py:132)
WARNING:(W058) (lib_symbol_issues) The current configuration does not include the library 'suku_basics'
    @(220.9800 mm, 43.1800 mm): Symbol C753 [CAP] (eeschema_do.kiauto.file_util - file_util.py:153) (kibot - kiplot.py:132)
WARNING:(W058) (lib_symbol_issues) The current configuration does not include the library 'suku_basics'
    @(228.6000 mm, 43.1800 mm): Symbol C754 [CAP] (eeschema_do.kiauto.file_util - file_util.py:153) (kibot - kiplot.py:132)
WARNING:(W058) (lib_symbol_issues) Symbol 'GND' has been modified in library 'power'
    @(228.6000 mm, 48.2600 mm): Symbol #PWR0829 [GND] (eeschema_do.kiauto.file_util - file_util.py:153) (kibot - kiplot.py:132)
WARNING:(W058) (lib_symbol_issues) Symbol 'GND' has been modified in library 'power'
    @(220.9800 mm, 48.2600 mm): Symbol #PWR0828 [GND] (eeschema_do.kiauto.file_util - file_util.py:153) (kibot - kiplot.py:132)
WARNING:(W058) (lib_symbol_issues) Symbol '+3V3' has been modified in library 'power'
    @(233.6800 mm, 35.5600 mm): Symbol #PWR0830 [+3V3] (eeschema_do.kiauto.file_util - file_util.py:153) (kibot - kiplot.py:132)
WARNING:(W058) (lib_symbol_issues) Symbol 'GND' has been modified in library 'power'
    @(111.7600 mm, 231.1400 mm): Symbol #PWR0807 [GND] (eeschema_do.kiauto.file_util - file_util.py:153) (kibot - kiplot.py:132)
WARNING:(W058) (lib_symbol_issues) Symbol '+3V3' has been modified in library 'power'
    @(73.6600 mm, 165.1000 mm): Symbol #PWR0800 [+3V3] (eeschema_do.kiauto.file_util - file_util.py:153) (kibot - kiplot.py:132)
WARNING:(W058) (lib_symbol_issues) The current configuration does not include the library 'suku_basics'
    @(78.7400 mm, 172.7200 mm): Symbol C734 [CAP] (eeschema_do.kiauto.file_util - file_util.py:153) (kibot - kiplot.py:132)
WARNING:(W058) (lib_symbol_issues) The current configuration does not include the library 'suku_basics'
    @(88.9000 mm, 172.7200 mm): Symbol C735 [CAP] (eeschema_do.kiauto.file_util - file_util.py:153) (kibot - kiplot.py:132)
WARNING:(W058) (lib_symbol_issues) Symbol 'GND' has been modified in library 'power'
    @(88.9000 mm, 177.8000 mm): Symbol #PWR0802 [GND] (eeschema_do.kiauto.file_util - file_util.py:153) (kibot - kiplot.py:132)
WARNING:(W058) (lib_symbol_issues) Symbol 'GND' has been modified in library 'power'
    @(78.7400 mm, 177.8000 mm): Symbol #PWR0801 [GND] (eeschema_do.kiauto.file_util - file_util.py:153) (kibot - kiplot.py:132)
WARNING:(W058) (lib_symbol_issues) The current configuration does not include the library 'suku_basics'
    @(63.5000 mm, 226.0600 mm): Symbol U703 [RP2040] (eeschema_do.kiauto.file_util - file_util.py:153) (kibot - kiplot.py:132)
WARNING:(W058) (lib_symbol_issues) Symbol 'GND' has been modified in library 'power'
    @(63.5000 mm, 274.3200 mm): Symbol #PWR0799 [GND] (eeschema_do.kiauto.file_util - file_util.py:153) (kibot - kiplot.py:132)
WARNING:(W058) (lib_symbol_issues) Symbol 'GND' has been modified in library 'power'
    @(35.5600 mm, 266.7000 mm): Symbol #PWR0795 [GND] (eeschema_do.kiauto.file_util - file_util.py:153) (kibot - kiplot.py:132)
WARNING:(W058) (lib_symbol_issues) Symbol '+1V1' has been modified in library 'power'
    @(58.4200 mm, 165.1000 mm): Symbol #PWR0798 [+1V1] (eeschema_do.kiauto.file_util - file_util.py:153) (kibot - kiplot.py:132)
WARNING:(W058) (lib_symbol_issues) The current configuration does not include the library 'suku_basics'
    @(50.8000 mm, 172.7200 mm): Symbol C733 [CAP] (eeschema_do.kiauto.file_util - file_util.py:153) (kibot - kiplot.py:132)
WARNING:(W058) (lib_symbol_issues) The current configuration does not include the library 'suku_basics'
    @(27.9400 mm, 182.8800 mm): Symbol R729 [RES] (eeschema_do.kiauto.file_util - file_util.py:153) (kibot - kiplot.py:132)
WARNING:(W058) (lib_symbol_issues) Symbol 'GND' has been modified in library 'power'
    @(35.5600 mm, 177.8000 mm): Symbol #PWR0794 [GND] (eeschema_do.kiauto.file_util - file_util.py:153) (kibot - kiplot.py:132)
WARNING:(W058) (lib_symbol_issues) Symbol '+3V3' has been modified in library 'power'
    @(27.9400 mm, 177.8000 mm): Symbol #PWR0793 [+3V3] (eeschema_do.kiauto.file_util - file_util.py:153) (kibot - kiplot.py:132)
WARNING:(W058) (lib_symbol_issues) Symbol 'GND' has been modified in library 'power'
    @(43.1800 mm, 177.8000 mm): Symbol #PWR0796 [GND] (eeschema_do.kiauto.file_util - file_util.py:153) (kibot - kiplot.py:132)
WARNING:(W058) (lib_symbol_issues) Symbol 'GND' has been modified in library 'power'
    @(50.8000 mm, 177.8000 mm): Symbol #PWR0797 [GND] (eeschema_do.kiauto.file_util - file_util.py:153) (kibot - kiplot.py:132)
WARNING:(W058) (lib_symbol_issues) The current configuration does not include the library 'suku_basics'
    @(35.5600 mm, 172.7200 mm): Symbol C731 [CAP] (eeschema_do.kiauto.file_util - file_util.py:153) (kibot - kiplot.py:132)
WARNING:(W058) (lib_symbol_issues) The current configuration does not include the library 'suku_basics'
    @(43.1800 mm, 172.7200 mm): Symbol C732 [CAP] (eeschema_do.kiauto.file_util - file_util.py:153) (kibot - kiplot.py:132)
WARNING:(W058) (lib_symbol_issues) The current configuration does not include the library 'suku_basics'
    @(104.1400 mm, 172.7200 mm): Symbol C737 [CAP] (eeschema_do.kiauto.file_util - file_util.py:153) (kibot - kiplot.py:132)
WARNING:(W058) (lib_symbol_issues) The current configuration does not include the library 'suku_basics'
    @(96.5200 mm, 172.7200 mm): Symbol C736 [CAP] (eeschema_do.kiauto.file_util - file_util.py:153) (kibot - kiplot.py:132)
WARNING:(W058) (lib_symbol_issues) Symbol 'GND' has been modified in library 'power'
    @(104.1400 mm, 177.8000 mm): Symbol #PWR0805 [GND] (eeschema_do.kiauto.file_util - file_util.py:153) (kibot - kiplot.py:132)
WARNING:(W058) (lib_symbol_issues) Symbol 'GND' has been modified in library 'power'
    @(96.5200 mm, 177.8000 mm): Symbol #PWR0803 [GND] (eeschema_do.kiauto.file_util - file_util.py:153) (kibot - kiplot.py:132)
WARNING:(W058) (lib_symbol_issues) Symbol 'GND' has been modified in library 'power'
    @(111.7600 mm, 177.8000 mm): Symbol #PWR0806 [GND] (eeschema_do.kiauto.file_util - file_util.py:153) (kibot - kiplot.py:132)
WARNING:(W058) (lib_symbol_issues) Symbol 'GND' has been modified in library 'power'
    @(119.3800 mm, 177.8000 mm): Symbol #PWR0809 [GND] (eeschema_do.kiauto.file_util - file_util.py:153) (kibot - kiplot.py:132)
WARNING:(W058) (lib_symbol_issues) Symbol 'GND' has been modified in library 'power'
    @(127.0000 mm, 177.8000 mm): Symbol #PWR0810 [GND] (eeschema_do.kiauto.file_util - file_util.py:153) (kibot - kiplot.py:132)
WARNING:(W058) (lib_symbol_issues) The current configuration does not include the library 'suku_basics'
    @(119.3800 mm, 172.7200 mm): Symbol C740 [CAP] (eeschema_do.kiauto.file_util - file_util.py:153) (kibot - kiplot.py:132)
WARNING:(W058) (lib_symbol_issues) The current configuration does not include the library 'suku_basics'
    @(127.0000 mm, 172.7200 mm): Symbol C741 [CAP] (eeschema_do.kiauto.file_util - file_util.py:153) (kibot - kiplot.py:132)
WARNING:(W058) (lib_symbol_issues) The current configuration does not include the library 'suku_basics'
    @(111.7600 mm, 172.7200 mm): Symbol C738 [CAP] (eeschema_do.kiauto.file_util - file_util.py:153) (kibot - kiplot.py:132)
WARNING:(W058) (lib_symbol_issues) Symbol 'GND' has been modified in library 'power'
    @(134.6200 mm, 177.8000 mm): Symbol #PWR0814 [GND] (eeschema_do.kiauto.file_util - file_util.py:153) (kibot - kiplot.py:132)
WARNING:(W058) (lib_symbol_issues) Symbol 'GND' has been modified in library 'power'
    @(142.2400 mm, 177.8000 mm): Symbol #PWR0815 [GND] (eeschema_do.kiauto.file_util - file_util.py:153) (kibot - kiplot.py:132)
WARNING:(W058) (lib_symbol_issues) The current configuration does not include the library 'suku_basics'
    @(134.6200 mm, 172.7200 mm): Symbol C744 [CAP] (eeschema_do.kiauto.file_util - file_util.py:153) (kibot - kiplot.py:132)
WARNING:(W058) (lib_symbol_issues) The current configuration does not include the library 'suku_basics'
    @(142.2400 mm, 172.7200 mm): Symbol C745 [CAP] (eeschema_do.kiauto.file_util - file_util.py:153) (kibot - kiplot.py:132)
WARNING:(W058) (lib_symbol_issues) Symbol 'GND' has been modified in library 'power'
    @(360.6800 mm, 142.2400 mm): Symbol #PWR0841 [GND] (eeschema_do.kiauto.file_util - file_util.py:153) (kibot - kiplot.py:132)
WARNING:(W058) (lib_symbol_issues) The current configuration does not include the library 'suku_basics'
    @(360.6800 mm, 137.1600 mm): Symbol C758 [CAP] (eeschema_do.kiauto.file_util - file_util.py:153) (kibot - kiplot.py:132)
WARNING:(W058) (lib_symbol_issues) Symbol 'GND' has been modified in library 'power'
    @(378.4600 mm, 167.6400 mm): Symbol #PWR0846 [GND] (eeschema_do.kiauto.file_util - file_util.py:153) (kibot - kiplot.py:132)
WARNING:(W058) (lib_symbol_issues) The current configuration does not include the library 'suku_basics'
    @(350.5200 mm, 208.2800 mm): Symbol R734 [RES] (eeschema_do.kiauto.file_util - file_util.py:153) (kibot - kiplot.py:132)
WARNING:(W058) (lib_symbol_issues) The current configuration does not include the library 'suku_basics'
    @(365.7600 mm, 215.9000 mm): Symbol U705 [U_FLASH_W25Q16JVSSIQ] (eeschema_do.kiauto.file_util - file_util.py:153) (kibot - kiplot.py:132)
WARNING:(W058) (lib_symbol_issues) The current configuration does not include the library 'suku_basics'
    @(365.7600 mm, 203.2000 mm): Symbol #PWR0842 [VDD_SPI] (eeschema_do.kiauto.file_util - file_util.py:153) (kibot - kiplot.py:132)
WARNING:(W058) (lib_symbol_issues) Symbol 'GND' has been modified in library 'power'
    @(378.4600 mm, 137.1600 mm): Symbol #PWR0845 [GND] (eeschema_do.kiauto.file_util - file_util.py:153) (kibot - kiplot.py:132)
WARNING:(W058) (lib_symbol_issues) The current configuration does not include the library 'suku_basics'
    @(345.4400 mm, 91.4400 mm): Symbol R701 [RES] (eeschema_do.kiauto.file_util - file_util.py:153) (kibot - kiplot.py:132)
WARNING:(W058) (lib_symbol_issues) Symbol '+3V3' has been modified in library 'power'
    @(355.6000 mm, 121.9200 mm): Symbol #PWR0835 [+3V3] (eeschema_do.kiauto.file_util - file_util.py:153) (kibot - kiplot.py:132)
WARNING:(W058) (lib_symbol_issues) The current configuration does not include the library 'suku_basics'
    @(355.6000 mm, 127.0000 mm): Symbol R735 [RES] (eeschema_do.kiauto.file_util - file_util.py:153) (kibot - kiplot.py:132)
WARNING:(W058) (lib_symbol_issues) Symbol 'GND' has been modified in library 'power'
    @(266.7000 mm, 139.7000 mm): Symbol #PWR0831 [GND] (eeschema_do.kiauto.file_util - file_util.py:153) (kibot - kiplot.py:132)
WARNING:(W058) (lib_symbol_issues) The current configuration does not include the library 'suku_basics'
    @(360.6800 mm, 96.5200 mm): Symbol R736 [RES] (eeschema_do.kiauto.file_util - file_util.py:153) (kibot - kiplot.py:132)
WARNING:(W058) (lib_symbol_issues) Symbol 'GND' has been modified in library 'power'
    @(378.4600 mm, 101.6000 mm): Symbol #PWR0844 [GND] (eeschema_do.kiauto.file_util - file_util.py:153) (kibot - kiplot.py:132)
WARNING:(W058) (lib_symbol_issues) The current configuration does not include the library 'suku_basics'
    @(355.6000 mm, 91.4400 mm): Symbol C757 [CAP] (eeschema_do.kiauto.file_util - file_util.py:153) (kibot - kiplot.py:132)
WARNING:(W058) (lib_symbol_issues) Symbol '+3V3' has been modified in library 'power'
    @(355.6000 mm, 86.3600 mm): Symbol #PWR0840 [+3V3] (eeschema_do.kiauto.file_util - file_util.py:153) (kibot - kiplot.py:132)
WARNING:(W058) (lib_symbol_issues) Symbol '+3V3' has been modified in library 'power'
    @(345.4400 mm, 86.3600 mm): Symbol #PWR01105 [+3V3] (eeschema_do.kiauto.file_util - file_util.py:153) (kibot - kiplot.py:132)
WARNING:(W058) (lib_symbol_issues) The current configuration does not include the library 'suku_basics'
    @(347.9800 mm, 53.3400 mm): Symbol R733 [RES] (eeschema_do.kiauto.file_util - file_util.py:153) (kibot - kiplot.py:132)
WARNING:(W058) (lib_symbol_issues) Symbol 'GND' has been modified in library 'power'
    @(353.0600 mm, 63.5000 mm): Symbol #PWR0839 [GND] (eeschema_do.kiauto.file_util - file_util.py:153) (kibot - kiplot.py:132)
WARNING:(W058) (lib_symbol_issues) The current configuration does not include the library 'suku_basics'
    @(350.5200 mm, 203.2000 mm): Symbol #PWR0836 [VDD_SPI] (eeschema_do.kiauto.file_util - file_util.py:153) (kibot - kiplot.py:132)
WARNING:(W058) (lib_symbol_issues) Symbol 'GND' has been modified in library 'power'
    @(365.7600 mm, 228.6000 mm): Symbol #PWR0843 [GND] (eeschema_do.kiauto.file_util - file_util.py:153) (kibot - kiplot.py:132)
WARNING:(W058) (lib_symbol_issues) The current configuration does not include the library 'suku_basics'
    @(392.4300 mm, 237.4900 mm): Symbol LOGO701 [OSHWA] (eeschema_do.kiauto.file_util - file_util.py:153) (kibot - kiplot.py:132)
WARNING:(W058) (lib_symbol_issues) Symbol 'GND' has been modified in library 'power'
    @(281.9400 mm, 231.1400 mm): Symbol #PWR01058 [GND] (eeschema_do.kiauto.file_util - file_util.py:153) (kibot - kiplot.py:132)
WARNING:(W058) (lib_symbol_issues) The current configuration does not include the library 'suku_basics'
    @(340.3600 mm, 231.1400 mm): Symbol #PWR0833 [VDD_SPI] (eeschema_do.kiauto.file_util - file_util.py:153) (kibot - kiplot.py:132)
WARNING:(W058) (lib_symbol_issues) The current configuration does not include the library 'suku_basics'
    @(350.5200 mm, 231.1400 mm): Symbol #PWR0837 [VDD_SPI] (eeschema_do.kiauto.file_util - file_util.py:153) (kibot - kiplot.py:132)
WARNING:(W058) (lib_symbol_issues) Symbol 'GND' has been modified in library 'power'
    @(340.3600 mm, 241.3000 mm): Symbol #PWR0834 [GND] (eeschema_do.kiauto.file_util - file_util.py:153) (kibot - kiplot.py:132)
WARNING:(W058) (lib_symbol_issues) The current configuration does not include the library 'suku_basics'
    @(340.3600 mm, 236.2200 mm): Symbol C755 [CAP] (eeschema_do.kiauto.file_util - file_util.py:153) (kibot - kiplot.py:132)
WARNING:(W058) (lib_symbol_issues) The current configuration does not include the library 'suku_basics'
    @(350.5200 mm, 236.2200 mm): Symbol C756 [CAP] (eeschema_do.kiauto.file_util - file_util.py:153) (kibot - kiplot.py:132)
WARNING:(W058) (lib_symbol_issues) Symbol 'GND' has been modified in library 'power'
    @(350.5200 mm, 241.3000 mm): Symbol #PWR0838 [GND] (eeschema_do.kiauto.file_util - file_util.py:153) (kibot - kiplot.py:132)
WARNING:(W058) (lib_symbol_issues) Symbol 'GND' has been modified in library 'power'
    @(38.1000 mm, 73.6600 mm): Symbol #PWR0507 [GND] (eeschema_do.kiauto.file_util - file_util.py:153) (kibot - kiplot.py:132)
WARNING:(W058) (lib_symbol_issues) Symbol 'GND' has been modified in library 'power'
    @(78.7400 mm, 38.1000 mm): Symbol #PWR0503 [GND] (eeschema_do.kiauto.file_util - file_util.py:153) (kibot - kiplot.py:132)
WARNING:(W058) (lib_symbol_issues) Symbol 'GND' has been modified in library 'power'
    @(73.6600 mm, 38.1000 mm): Symbol #PWR0502 [GND] (eeschema_do.kiauto.file_util - file_util.py:153) (kibot - kiplot.py:132)
WARNING:(W058) (lib_symbol_issues) Symbol '+5V' has been modified in library 'power'
    @(55.8800 mm, 38.1000 mm): Symbol #PWR0501 [+5V] (eeschema_do.kiauto.file_util - file_util.py:153) (kibot - kiplot.py:132)
WARNING:(W058) (lib_symbol_issues) Symbol '+5V' has been modified in library 'power'
    @(38.1000 mm, 55.8800 mm): Symbol #PWR0505 [+5V] (eeschema_do.kiauto.file_util - file_util.py:153) (kibot - kiplot.py:132)
WARNING:(W058) (lib_symbol_issues) Symbol '+5V' has been modified in library 'power'
    @(114.3000 mm, 55.8800 mm): Symbol #PWR0506 [+5V] (eeschema_do.kiauto.file_util - file_util.py:153) (kibot - kiplot.py:132)
WARNING:(W058) (lib_symbol_issues) Symbol 'GND' has been modified in library 'power'
    @(38.1000 mm, 78.7400 mm): Symbol #PWR0509 [GND] (eeschema_do.kiauto.file_util - file_util.py:153) (kibot - kiplot.py:132)
WARNING:(W058) (lib_symbol_issues) Symbol '+5V' has been modified in library 'power'
    @(55.8800 mm, 114.3000 mm): Symbol #PWR0513 [+5V] (eeschema_do.kiauto.file_util - file_util.py:153) (kibot - kiplot.py:132)
WARNING:(W058) (lib_symbol_issues) Symbol 'GND' has been modified in library 'power'
    @(78.7400 mm, 114.3000 mm): Symbol #PWR0515 [GND] (eeschema_do.kiauto.file_util - file_util.py:153) (kibot - kiplot.py:132)
WARNING:(W058) (lib_symbol_issues) Symbol '+5V' has been modified in library 'power'
    @(38.1000 mm, 96.5200 mm): Symbol #PWR0511 [+5V] (eeschema_do.kiauto.file_util - file_util.py:153) (kibot - kiplot.py:132)
WARNING:(W058) (lib_symbol_issues) Symbol '+5V' has been modified in library 'power'
    @(96.5200 mm, 114.3000 mm): Symbol #PWR0516 [+5V] (eeschema_do.kiauto.file_util - file_util.py:153) (kibot - kiplot.py:132)
WARNING:(W058) (lib_symbol_issues) Symbol 'GND' has been modified in library 'power'
    @(73.6600 mm, 114.3000 mm): Symbol #PWR0514 [GND] (eeschema_do.kiauto.file_util - file_util.py:153) (kibot - kiplot.py:132)
WARNING:(W058) (lib_symbol_issues) Symbol '+5V' has been modified in library 'power'
    @(96.5200 mm, 38.1000 mm): Symbol #PWR0504 [+5V] (eeschema_do.kiauto.file_util - file_util.py:153) (kibot - kiplot.py:132)
WARNING:(W058) (lib_symbol_issues) Symbol '+5V' has been modified in library 'power'
    @(114.3000 mm, 96.5200 mm): Symbol #PWR0512 [+5V] (eeschema_do.kiauto.file_util - file_util.py:153) (kibot - kiplot.py:132)
WARNING:(W058) (lib_symbol_issues) Symbol 'GND' has been modified in library 'power'
    @(114.3000 mm, 78.7400 mm): Symbol #PWR0510 [GND] (eeschema_do.kiauto.file_util - file_util.py:153) (kibot - kiplot.py:132)
WARNING:(W058) (lib_symbol_issues) Symbol 'GND' has been modified in library 'power'
    @(114.3000 mm, 73.6600 mm): Symbol #PWR0508 [GND] (eeschema_do.kiauto.file_util - file_util.py:153) (kibot - kiplot.py:132)
WARNING:(W058) (lib_symbol_issues) The current configuration does not include the library 'suku_basics'
    @(248.9200 mm, 78.7400 mm): Symbol C602 [CAP] (eeschema_do.kiauto.file_util - file_util.py:153) (kibot - kiplot.py:132)
WARNING:(W058) (lib_symbol_issues) The current configuration does not include the library 'suku_basics'
    @(236.2200 mm, 76.2000 mm): Symbol U602 [U_REGULATOR_SOT23-5] (eeschema_do.kiauto.file_util - file_util.py:153) (kibot - kiplot.py:132)
WARNING:(W058) (lib_symbol_issues) Symbol '+3V3' has been modified in library 'power'
    @(261.6200 mm, 71.1200 mm): Symbol #PWR0608 [+3V3] (eeschema_do.kiauto.file_util - file_util.py:153) (kibot - kiplot.py:132)
WARNING:(W058) (lib_symbol_issues) Symbol 'GND' has been modified in library 'power'
    @(248.9200 mm, 83.8200 mm): Symbol #PWR0610 [GND] (eeschema_do.kiauto.file_util - file_util.py:153) (kibot - kiplot.py:132)
WARNING:(W058) (lib_symbol_issues) Symbol 'GND' has been modified in library 'power'
    @(236.2200 mm, 86.3600 mm): Symbol #PWR0611 [GND] (eeschema_do.kiauto.file_util - file_util.py:153) (kibot - kiplot.py:132)
WARNING:(W058) (lib_symbol_issues) The current configuration does not include the library 'suku_basics'
    @(218.4400 mm, 78.7400 mm): Symbol C601 [CAP] (eeschema_do.kiauto.file_util - file_util.py:153) (kibot - kiplot.py:132)
WARNING:(W058) (lib_symbol_issues) Symbol 'GND' has been modified in library 'power'
    @(218.4400 mm, 83.8200 mm): Symbol #PWR0609 [GND] (eeschema_do.kiauto.file_util - file_util.py:153) (kibot - kiplot.py:132)
WARNING:(W058) (lib_symbol_issues) The current configuration does not include the library 'suku_basics'
    @(40.6400 mm, 96.5200 mm): Symbol J601 [USB_C_TYPE-C-32-M-12] (eeschema_do.kiauto.file_util - file_util.py:153) (kibot - kiplot.py:132)
WARNING:(W058) (lib_symbol_issues) Symbol 'GND' has been modified in library 'power'
    @(101.6000 mm, 101.6000 mm): Symbol #PWR0613 [GND] (eeschema_do.kiauto.file_util - file_util.py:153) (kibot - kiplot.py:132)
WARNING:(W058) (lib_symbol_issues) The current configuration does not include the library 'suku_basics'
    @(93.9800 mm, 96.5200 mm): Symbol R601 [RES] (eeschema_do.kiauto.file_util - file_util.py:153) (kibot - kiplot.py:132)
WARNING:(W058) (lib_symbol_issues) The current configuration does not include the library 'suku_basics'
    @(101.6000 mm, 96.5200 mm): Symbol R602 [RES] (eeschema_do.kiauto.file_util - file_util.py:153) (kibot - kiplot.py:132)
WARNING:(W058) (lib_symbol_issues) Symbol 'GND' has been modified in library 'power'
    @(93.9800 mm, 101.6000 mm): Symbol #PWR0612 [GND] (eeschema_do.kiauto.file_util - file_util.py:153) (kibot - kiplot.py:132)
WARNING:(W058) (lib_symbol_issues) Symbol 'PWR_FLAG' has been modified in library 'power'
    @(66.0400 mm, 111.7600 mm): Symbol #FLG0603 [PWR_FLAG] (eeschema_do.kiauto.file_util - file_util.py:153) (kibot - kiplot.py:132)
WARNING:(W058) (lib_symbol_issues) The current configuration does not include the library 'suku_basics'
    @(38.1000 mm, 139.7000 mm): Symbol R603 [RES] (eeschema_do.kiauto.file_util - file_util.py:153) (kibot - kiplot.py:132)
WARNING:(W058) (lib_symbol_issues) Symbol 'GND' has been modified in library 'power'
    @(76.2000 mm, 119.3800 mm): Symbol #PWR0614 [GND] (eeschema_do.kiauto.file_util - file_util.py:153) (kibot - kiplot.py:132)
WARNING:(W058) (lib_symbol_issues) Symbol 'GND' has been modified in library 'power'
    @(25.4000 mm, 144.7800 mm): Symbol #PWR0615 [GND] (eeschema_do.kiauto.file_util - file_util.py:153) (kibot - kiplot.py:132)
WARNING:(W058) (lib_symbol_issues) Symbol 'GND' has been modified in library 'power'
    @(38.1000 mm, 144.7800 mm): Symbol #PWR0616 [GND] (eeschema_do.kiauto.file_util - file_util.py:153) (kibot - kiplot.py:132)
WARNING:(W058) (lib_symbol_issues) The current configuration does not include the library 'suku_basics'
    @(25.4000 mm, 139.7000 mm): Symbol C603 [CAP] (eeschema_do.kiauto.file_util - file_util.py:153) (kibot - kiplot.py:132)
WARNING:(W058) (lib_symbol_issues) Symbol 'VBUS' has been modified in library 'power'
    @(76.2000 mm, 71.1200 mm): Symbol #PWR0605 [VBUS] (eeschema_do.kiauto.file_util - file_util.py:153) (kibot - kiplot.py:132)
WARNING:(W058) (lib_symbol_issues) Symbol 'PWR_FLAG' has been modified in library 'power'
    @(66.0400 mm, 71.1200 mm): Symbol #FLG0602 [PWR_FLAG] (eeschema_do.kiauto.file_util - file_util.py:153) (kibot - kiplot.py:132)
WARNING:(W058) (multiple_net_names) Both +5V and VBUS are attached to the same items; +5V will be used in the netlist
    @(190.5000 mm, 71.1200 mm): Symbol #PWR0607 Hidden pin 1 [+5V, Power input, Line]
    @(154.9400 mm, 40.6400 mm): Symbol #PWR0603 Hidden pin 1 [VBUS, Power input, Line] (eeschema_do.kiauto.file_util - file_util.py:153) (kibot - kiplot.py:132)
WARNING:(W058) (lib_symbol_issues) Symbol 'VBUS' has been modified in library 'power'
    @(154.9400 mm, 40.6400 mm): Symbol #PWR0603 [VBUS] (eeschema_do.kiauto.file_util - file_util.py:153) (kibot - kiplot.py:132)
WARNING:(W058) (lib_symbol_issues) The current configuration does not include the library 'suku_basics'
    @(96.5200 mm, 40.6400 mm): Symbol U601 [U_ESD_4ch] (eeschema_do.kiauto.file_util - file_util.py:153) (kibot - kiplot.py:132)
WARNING:(W058) (lib_symbol_issues) Symbol 'VBUS' has been modified in library 'power'
    @(83.8200 mm, 35.5600 mm): Symbol #PWR0601 [VBUS] (eeschema_do.kiauto.file_util - file_util.py:153) (kibot - kiplot.py:132)
WARNING:(W058) (lib_symbol_issues) Symbol 'GND' has been modified in library 'power'
    @(139.7000 mm, 40.6400 mm): Symbol #PWR0602 [GND] (eeschema_do.kiauto.file_util - file_util.py:153) (kibot - kiplot.py:132)
WARNING:(W058) (lib_symbol_issues) Symbol 'GND' has been modified in library 'power'
    @(106.6800 mm, 48.2600 mm): Symbol #PWR0604 [GND] (eeschema_do.kiauto.file_util - file_util.py:153) (kibot - kiplot.py:132)
WARNING:(W058) (lib_symbol_issues) Symbol 'PWR_FLAG' has been modified in library 'power'
    @(213.3600 mm, 68.5800 mm): Symbol #FLG0601 [PWR_FLAG] (eeschema_do.kiauto.file_util - file_util.py:153) (kibot - kiplot.py:132)
WARNING:(W058) (lib_symbol_issues) Symbol '+5V' has been modified in library 'power'
    @(190.5000 mm, 71.1200 mm): Symbol #PWR0607 [+5V] (eeschema_do.kiauto.file_util - file_util.py:153) (kibot - kiplot.py:132)
WARNING:(W058) (lib_symbol_issues) Symbol 'VBUS' has been modified in library 'power'
    @(185.4200 mm, 71.1200 mm): Symbol #PWR0606 [VBUS] (eeschema_do.kiauto.file_util - file_util.py:153) (kibot - kiplot.py:132)
WARNING:(W058) (lib_symbol_issues) The current configuration does not include the library 'suku_basics'
    @(200.6600 mm, 73.6600 mm): Symbol L601 [FERRIT] (eeschema_do.kiauto.file_util - file_util.py:153) (kibot - kiplot.py:132)
WARNING:(W058) (lib_symbol_issues) The current configuration does not include the library 'suku_basics'
    @(45.7200 mm, 78.7400 mm): Symbol JP1 [JP_SolderJumper_2_Open] (eeschema_do.kiauto.file_util - file_util.py:153) (kibot - kiplot.py:132)
WARNING:(W058) (lib_symbol_issues) Symbol 'GND' has been modified in library 'power'
    @(45.7200 mm, 93.9800 mm): Symbol #PWR0152 [GND] (eeschema_do.kiauto.file_util - file_util.py:153) (kibot - kiplot.py:132)
WARNING:(W058) (lib_symbol_issues) The current configuration does not include the library 'suku_basics'
    @(45.7200 mm, 88.9000 mm): Symbol R33 [RES] (eeschema_do.kiauto.file_util - file_util.py:153) (kibot - kiplot.py:132)
WARNING:(W058) (lib_symbol_issues) Symbol '+3V3' has been modified in library 'power'
    @(45.7200 mm, 73.6600 mm): Symbol #PWR0879 [+3V3] (eeschema_do.kiauto.file_util - file_util.py:153) (kibot - kiplot.py:132)
WARNING:(W058) (lib_symbol_issues) Symbol '+3V3' has been modified in library 'power'
    @(104.1400 mm, 63.5000 mm): Symbol #PWR0881 [+3V3] (eeschema_do.kiauto.file_util - file_util.py:153) (kibot - kiplot.py:132)
WARNING:(W058) (lib_symbol_issues) The current configuration does not include the library 'suku_basics'
    @(104.1400 mm, 86.3600 mm): Symbol U801 [74HC165] (eeschema_do.kiauto.file_util - file_util.py:153) (kibot - kiplot.py:132)
WARNING:(W058) (lib_symbol_issues) Symbol '+3V3' has been modified in library 'power'
    @(121.9200 mm, 86.3600 mm): Symbol #PWR0942 [+3V3] (eeschema_do.kiauto.file_util - file_util.py:153) (kibot - kiplot.py:132)
WARNING:(W058) (lib_symbol_issues) Symbol 'GND' has been modified in library 'power'
    @(104.1400 mm, 114.3000 mm): Symbol #PWR0882 [GND] (eeschema_do.kiauto.file_util - file_util.py:153) (kibot - kiplot.py:132)
WARNING:(W058) (multiple_net_names) Both GND and HWCFG_LOW are attached to the same items; GND will be used in the netlist
    @(104.1400 mm, 114.3000 mm): Symbol #PWR0882 Hidden pin 1 [GND, Power input, Line]
    @(129.5400 mm, 99.0600 mm): Label 'HWCFG_LOW' (eeschema_do.kiauto.file_util - file_util.py:153) (kibot - kiplot.py:132)
WARNING:(W058) (multiple_net_names) Both +3V3 and HWCFG_HIGH are attached to the same items; +3V3 will be used in the netlist
    @(104.1400 mm, 63.5000 mm): Symbol #PWR0881 Hidden pin 1 [+3V3, Power input, Line]
    @(129.5400 mm, 88.9000 mm): Label 'HWCFG_HIGH' (eeschema_do.kiauto.file_util - file_util.py:153) (kibot - kiplot.py:132)
WARNING:(W058) (lib_symbol_issues) Symbol 'GND' has been modified in library 'power'
    @(121.9200 mm, 101.6000 mm): Symbol #PWR0943 [GND] (eeschema_do.kiauto.file_util - file_util.py:153) (kibot - kiplot.py:132)
WARNING:(W058) (lib_symbol_issues) The current configuration does not include the library 'suku_basics'
    @(121.9200 mm, 93.9800 mm): Symbol C801 [CAP] (eeschema_do.kiauto.file_util - file_util.py:153) (kibot - kiplot.py:132)
WARNING:(W058) (lib_symbol_issues) Symbol 'GND' has been modified in library 'power'
    @(83.8200 mm, 68.5800 mm): Symbol #PWR01092 [GND] (eeschema_do.kiauto.file_util - file_util.py:153) (kibot - kiplot.py:132)
WARNING:(W058) (lib_symbol_issues) Symbol 'GND' has been modified in library 'power'
    @(53.3400 mm, 68.5800 mm): Symbol #PWR01089 [GND] (eeschema_do.kiauto.file_util - file_util.py:153) (kibot - kiplot.py:132)
WARNING:(W058) (lib_symbol_issues) Symbol 'GND' has been modified in library 'power'
    @(63.5000 mm, 68.5800 mm): Symbol #PWR01091 [GND] (eeschema_do.kiauto.file_util - file_util.py:153) (kibot - kiplot.py:132)
WARNING:(W058) (lib_symbol_issues) The current configuration does not include the library 'suku_basics'
    @(53.3400 mm, 58.4200 mm): Symbol C1027 [CAP] (eeschema_do.kiauto.file_util - file_util.py:153) (kibot - kiplot.py:132)
WARNING:(W058) (lib_symbol_issues) Symbol '+3V3' has been modified in library 'power'
    @(63.5000 mm, 43.1800 mm): Symbol #PWR01021 [+3V3] (eeschema_do.kiauto.file_util - file_util.py:153) (kibot - kiplot.py:132)
WARNING:(W058) (lib_symbol_issues) The current configuration does not include the library 'suku_basics'
    @(63.5000 mm, 48.2600 mm): Symbol R1038 [RES] (eeschema_do.kiauto.file_util - file_util.py:153) (kibot - kiplot.py:132)
WARNING:(W058) (lib_symbol_issues) The current configuration does not include the library 'suku_basics'
    @(73.6600 mm, 55.8800 mm): Symbol UI1007 [UI_Rotary_Encoder_Switch] (eeschema_do.kiauto.file_util - file_util.py:153) (kibot - kiplot.py:132)
WARNING:(W058) (lib_symbol_issues) Symbol '+3V3' has been modified in library 'power'
    @(88.9000 mm, 43.1800 mm): Symbol #PWR01102 [+3V3] (eeschema_do.kiauto.file_util - file_util.py:153) (kibot - kiplot.py:132)
WARNING:(W058) (lib_symbol_issues) Symbol '+3V3' has been modified in library 'power'
    @(96.5200 mm, 43.1800 mm): Symbol #PWR01146 [+3V3] (eeschema_do.kiauto.file_util - file_util.py:153) (kibot - kiplot.py:132)
WARNING:(W058) (lib_symbol_issues) The current configuration does not include the library 'suku_basics'
    @(88.9000 mm, 48.2600 mm): Symbol R1039 [RES] (eeschema_do.kiauto.file_util - file_util.py:153) (kibot - kiplot.py:132)
WARNING:(W058) (lib_symbol_issues) The current configuration does not include the library 'suku_basics'
    @(96.5200 mm, 48.2600 mm): Symbol R1040 [RES] (eeschema_do.kiauto.file_util - file_util.py:153) (kibot - kiplot.py:132)
WARNING:(W058) (lib_symbol_issues) The current configuration does not include the library 'suku_basics'
    @(58.4200 mm, 53.3400 mm): Symbol R1037 [RES] (eeschema_do.kiauto.file_util - file_util.py:153) (kibot - kiplot.py:132)
WARNING:(W058) (lib_symbol_issues) The current configuration does not include the library 'suku_basics'
    @(119.3800 mm, 63.5000 mm): Symbol C1029 [CAP] (eeschema_do.kiauto.file_util - file_util.py:153) (kibot - kiplot.py:132)
WARNING:(W058) (lib_symbol_issues) The current configuration does not include the library 'suku_basics'
    @(106.6800 mm, 53.3400 mm): Symbol R1041 [RES] (eeschema_do.kiauto.file_util - file_util.py:153) (kibot - kiplot.py:132)
WARNING:(W058) (lib_symbol_issues) The current configuration does not include the library 'suku_basics'
    @(106.6800 mm, 58.4200 mm): Symbol R1042 [RES] (eeschema_do.kiauto.file_util - file_util.py:153) (kibot - kiplot.py:132)
WARNING:(W058) (lib_symbol_issues) Symbol 'GND' has been modified in library 'power'
    @(111.7600 mm, 68.5800 mm): Symbol #PWR01095 [GND] (eeschema_do.kiauto.file_util - file_util.py:153) (kibot - kiplot.py:132)
WARNING:(W058) (lib_symbol_issues) Symbol 'GND' has been modified in library 'power'
    @(119.3800 mm, 68.5800 mm): Symbol #PWR01096 [GND] (eeschema_do.kiauto.file_util - file_util.py:153) (kibot - kiplot.py:132)
WARNING:(W058) (lib_symbol_issues) The current configuration does not include the library 'suku_basics'
    @(111.7600 mm, 63.5000 mm): Symbol C1028 [CAP] (eeschema_do.kiauto.file_util - file_util.py:153) (kibot - kiplot.py:132)
WARNING:(W058) (lib_symbol_issues) The current configuration does not include the library 'suku_basics'
    @(152.4000 mm, 152.4000 mm): Symbol U10 [74HC4051] (eeschema_do.kiauto.file_util - file_util.py:153) (kibot - kiplot.py:132)
WARNING:(W058) (lib_symbol_issues) Symbol 'GND' has been modified in library 'power'
    @(137.1600 mm, 170.1800 mm): Symbol #PWR0142 [GND] (eeschema_do.kiauto.file_util - file_util.py:153) (kibot - kiplot.py:132)
WARNING:(W058) (lib_symbol_issues) The current configuration does not include the library 'suku_basics'
    @(124.4600 mm, 139.7000 mm): Symbol R28 [RES] (eeschema_do.kiauto.file_util - file_util.py:153) (kibot - kiplot.py:132)
WARNING:(W058) (lib_symbol_issues) The current configuration does not include the library 'suku_basics'
    @(129.5400 mm, 144.7800 mm): Symbol C12 [CAP] (eeschema_do.kiauto.file_util - file_util.py:153) (kibot - kiplot.py:132)
WARNING:(W058) (lib_symbol_issues) Symbol 'GND' has been modified in library 'power'
    @(129.5400 mm, 149.8600 mm): Symbol #PWR0220 [GND] (eeschema_do.kiauto.file_util - file_util.py:153) (kibot - kiplot.py:132)
WARNING:(W058) (lib_symbol_issues) The current configuration does not include the library 'suku_basics'
    @(53.3400 mm, 144.7800 mm): Symbol C11 [CAP] (eeschema_do.kiauto.file_util - file_util.py:153) (kibot - kiplot.py:132)
WARNING:(W058) (lib_symbol_issues) The current configuration does not include the library 'suku_basics'
    @(48.2600 mm, 139.7000 mm): Symbol R27 [RES] (eeschema_do.kiauto.file_util - file_util.py:153) (kibot - kiplot.py:132)
WARNING:(W058) (lib_symbol_issues) The current configuration does not include the library 'suku_basics'
    @(30.4800 mm, 137.1600 mm): Symbol R25 [RES] (eeschema_do.kiauto.file_util - file_util.py:153) (kibot - kiplot.py:132)
WARNING:(W058) (lib_symbol_issues) Symbol 'GND' has been modified in library 'power'
    @(20.3200 mm, 121.9200 mm): Symbol #PWR0179 [GND] (eeschema_do.kiauto.file_util - file_util.py:153) (kibot - kiplot.py:132)
WARNING:(W058) (lib_symbol_issues) The current configuration does not include the library 'suku_basics'
    @(30.4800 mm, 114.3000 mm): Symbol UI5 [UI_Fader] (eeschema_do.kiauto.file_util - file_util.py:153) (kibot - kiplot.py:132)
WARNING:(W058) (lib_symbol_issues) Symbol '+3V3' has been modified in library 'power'
    @(76.2000 mm, 127.0000 mm): Symbol #PWR01008 [+3V3] (eeschema_do.kiauto.file_util - file_util.py:153) (kibot - kiplot.py:132)
WARNING:(W058) (lib_symbol_issues) Symbol '+3V3' has been modified in library 'power'
    @(45.7200 mm, 91.4400 mm): Symbol #PWR01004 [+3V3] (eeschema_do.kiauto.file_util - file_util.py:153) (kibot - kiplot.py:132)
WARNING:(W058) (lib_symbol_issues) The current configuration does not include the library 'suku_basics'
    @(45.7200 mm, 104.1400 mm): Symbol R1006 [RES] (eeschema_do.kiauto.file_util - file_util.py:153) (kibot - kiplot.py:132)
WARNING:(W058) (lib_symbol_issues) The current configuration does not include the library 'suku_basics'
    @(20.3200 mm, 104.1400 mm): Symbol R1005 [RES] (eeschema_do.kiauto.file_util - file_util.py:153) (kibot - kiplot.py:132)
WARNING:(W058) (lib_symbol_issues) Symbol '+3V3' has been modified in library 'power'
    @(20.3200 mm, 91.4400 mm): Symbol #PWR01001 [+3V3] (eeschema_do.kiauto.file_util - file_util.py:153) (kibot - kiplot.py:132)
WARNING:(W058) (lib_symbol_issues) The current configuration does not include the library 'suku_basics'
    @(55.8800 mm, 114.3000 mm): Symbol UI6 [UI_Fader] (eeschema_do.kiauto.file_util - file_util.py:153) (kibot - kiplot.py:132)
WARNING:(W058) (lib_symbol_issues) Symbol 'GND' has been modified in library 'power'
    @(45.7200 mm, 121.9200 mm): Symbol #PWR0209 [GND] (eeschema_do.kiauto.file_util - file_util.py:153) (kibot - kiplot.py:132)
WARNING:(W058) (lib_symbol_issues) Symbol 'GND' has been modified in library 'power'
    @(55.8800 mm, 71.1200 mm): Symbol #PWR01049 [GND] (eeschema_do.kiauto.file_util - file_util.py:153) (kibot - kiplot.py:132)
WARNING:(W058) (lib_symbol_issues) Symbol '+3V3' has been modified in library 'power'
    @(71.1200 mm, 27.9400 mm): Symbol #PWR01055 [+3V3] (eeschema_do.kiauto.file_util - file_util.py:153) (kibot - kiplot.py:132)
WARNING:(W058) (lib_symbol_issues) The current configuration does not include the library 'suku_basics'
    @(71.1200 mm, 50.8000 mm): Symbol U1001 [74HC165] (eeschema_do.kiauto.file_util - file_util.py:153) (kibot - kiplot.py:132)
WARNING:(W058) (lib_symbol_issues) Symbol '+3V3' has been modified in library 'power'
    @(88.9000 mm, 66.0400 mm): Symbol #PWR01053 [+3V3] (eeschema_do.kiauto.file_util - file_util.py:153) (kibot - kiplot.py:132)
WARNING:(W058) (lib_symbol_issues) Symbol 'GND' has been modified in library 'power'
    @(88.9000 mm, 76.2000 mm): Symbol #PWR01062 [GND] (eeschema_do.kiauto.file_util - file_util.py:153) (kibot - kiplot.py:132)
WARNING:(W058) (lib_symbol_issues) The current configuration does not include the library 'suku_basics'
    @(88.9000 mm, 71.1200 mm): Symbol C1019 [CAP] (eeschema_do.kiauto.file_util - file_util.py:153) (kibot - kiplot.py:132)
WARNING:(W058) (lib_symbol_issues) Symbol 'GND' has been modified in library 'power'
    @(71.1200 mm, 76.2000 mm): Symbol #PWR01054 [GND] (eeschema_do.kiauto.file_util - file_util.py:153) (kibot - kiplot.py:132)
WARNING:(W058) (lib_symbol_issues) Symbol 'GND' has been modified in library 'power'
    @(35.5600 mm, 147.3200 mm): Symbol #PWR0217 [GND] (eeschema_do.kiauto.file_util - file_util.py:153) (kibot - kiplot.py:132)
WARNING:(W058) (lib_symbol_issues) Symbol 'GND' has been modified in library 'power'
    @(53.3400 mm, 149.8600 mm): Symbol #PWR0218 [GND] (eeschema_do.kiauto.file_util - file_util.py:153) (kibot - kiplot.py:132)
WARNING:(W058) (lib_symbol_issues) The current configuration does not include the library 'suku_basics'
    @(35.5600 mm, 142.2400 mm): Symbol C9 [CAP] (eeschema_do.kiauto.file_util - file_util.py:153) (kibot - kiplot.py:132)
WARNING:(W058) (lib_symbol_issues) Symbol 'GND' has been modified in library 'power'
    @(154.9400 mm, 180.3400 mm): Symbol #PWR0139 [GND] (eeschema_do.kiauto.file_util - file_util.py:153) (kibot - kiplot.py:132)
WARNING:(W058) (lib_symbol_issues) Symbol '+3V3' has been modified in library 'power'
    @(152.4000 mm, 127.0000 mm): Symbol #PWR01022 [+3V3] (eeschema_do.kiauto.file_util - file_util.py:153) (kibot - kiplot.py:132)
WARNING:(W058) (lib_symbol_issues) Symbol 'GND' has been modified in library 'power'
    @(165.1000 mm, 180.3400 mm): Symbol #PWR0146 [GND] (eeschema_do.kiauto.file_util - file_util.py:153) (kibot - kiplot.py:132)
WARNING:(W058) (lib_symbol_issues) The current configuration does not include the library 'suku_basics'
    @(165.1000 mm, 175.2600 mm): Symbol C14 [CAP] (eeschema_do.kiauto.file_util - file_util.py:153) (kibot - kiplot.py:132)
WARNING:(W058) (lib_symbol_issues) Symbol '+3V3' has been modified in library 'power'
    @(165.1000 mm, 170.1800 mm): Symbol #PWR01024 [+3V3] (eeschema_do.kiauto.file_util - file_util.py:153) (kibot - kiplot.py:132)
WARNING:(W058) (lib_symbol_issues) Symbol '+3V3' has been modified in library 'power'
    @(172.7200 mm, 27.9400 mm): Symbol #PWR01061 [+3V3] (eeschema_do.kiauto.file_util - file_util.py:153) (kibot - kiplot.py:132)
WARNING:(W058) (lib_symbol_issues) The current configuration does not include the library 'suku_basics'
    @(172.7200 mm, 50.8000 mm): Symbol U1005 [74HC165] (eeschema_do.kiauto.file_util - file_util.py:153) (kibot - kiplot.py:132)
WARNING:(W058) (lib_symbol_issues) Symbol '+3V3' has been modified in library 'power'
    @(121.9200 mm, 91.4400 mm): Symbol #PWR01016 [+3V3] (eeschema_do.kiauto.file_util - file_util.py:153) (kibot - kiplot.py:132)
WARNING:(W058) (lib_symbol_issues) Symbol '+3V3' has been modified in library 'power'
    @(96.5200 mm, 91.4400 mm): Symbol #PWR01012 [+3V3] (eeschema_do.kiauto.file_util - file_util.py:153) (kibot - kiplot.py:132)
WARNING:(W058) (lib_symbol_issues) Symbol 'GND' has been modified in library 'power'
    @(157.4800 mm, 73.6600 mm): Symbol #PWR01069 [GND] (eeschema_do.kiauto.file_util - file_util.py:153) (kibot - kiplot.py:132)
WARNING:(W058) (lib_symbol_issues) Symbol '+3V3' has been modified in library 'power'
    @(190.5000 mm, 66.0400 mm): Symbol #PWR01063 [+3V3] (eeschema_do.kiauto.file_util - file_util.py:153) (kibot - kiplot.py:132)
WARNING:(W058) (lib_symbol_issues) The current configuration does not include the library 'suku_basics'
    @(190.5000 mm, 71.1200 mm): Symbol C1023 [CAP] (eeschema_do.kiauto.file_util - file_util.py:153) (kibot - kiplot.py:132)
WARNING:(W058) (lib_symbol_issues) Symbol 'GND' has been modified in library 'power'
    @(172.7200 mm, 76.2000 mm): Symbol #PWR01074 [GND] (eeschema_do.kiauto.file_util - file_util.py:153) (kibot - kiplot.py:132)
WARNING:(W058) (lib_symbol_issues) Symbol 'GND' has been modified in library 'power'
    @(190.5000 mm, 76.2000 mm): Symbol #PWR01082 [GND] (eeschema_do.kiauto.file_util - file_util.py:153) (kibot - kiplot.py:132)
WARNING:(W058) (multiple_net_names) Both CLOCK and ENCODER_SCK are attached to the same items; CLOCK will be used in the netlist
    @(154.9400 mm, 63.5000 mm): Label 'CLOCK'
    @(236.2200 mm, 60.9600 mm): Hierarchical Label 'ENCODER_SCK' (eeschema_do.kiauto.file_util - file_util.py:153) (kibot - kiplot.py:132)
WARNING:(W058) (multiple_net_names) Both SHIFT and ENCODER_CS are attached to the same items; SHIFT will be used in the netlist
    @(228.6000 mm, 63.5000 mm): Label 'SHIFT'
    @(236.2200 mm, 63.5000 mm): Hierarchical Label 'ENCODER_CS' (eeschema_do.kiauto.file_util - file_util.py:153) (kibot - kiplot.py:132)
WARNING:(W058) (multiple_net_names) Both DATA and ENCODER_MISO are attached to the same items; DATA will be used in the netlist
    @(198.1200 mm, 35.5600 mm): Label 'DATA'
    @(236.2200 mm, 55.8800 mm): Hierarchical Label 'ENCODER_MISO' (eeschema_do.kiauto.file_util - file_util.py:153) (kibot - kiplot.py:132)
WARNING:(W058) (lib_symbol_issues) Symbol 'GND' has been modified in library 'power'
    @(78.7400 mm, 180.3400 mm): Symbol #PWR0140 [GND] (eeschema_do.kiauto.file_util - file_util.py:153) (kibot - kiplot.py:132)
WARNING:(W058) (lib_symbol_issues) Symbol 'GND' has been modified in library 'power'
    @(60.9600 mm, 170.1800 mm): Symbol #PWR0141 [GND] (eeschema_do.kiauto.file_util - file_util.py:153) (kibot - kiplot.py:132)
WARNING:(W058) (lib_symbol_issues) The current configuration does not include the library 'suku_basics'
    @(76.2000 mm, 152.4000 mm): Symbol U9 [74HC4051] (eeschema_do.kiauto.file_util - file_util.py:153) (kibot - kiplot.py:132)
WARNING:(W058) (lib_symbol_issues) Symbol '+3V3' has been modified in library 'power'
    @(88.9000 mm, 170.1800 mm): Symbol #PWR01010 [+3V3] (eeschema_do.kiauto.file_util - file_util.py:153) (kibot - kiplot.py:132)
WARNING:(W058) (lib_symbol_issues) Symbol 'GND' has been modified in library 'power'
    @(88.9000 mm, 180.3400 mm): Symbol #PWR0144 [GND] (eeschema_do.kiauto.file_util - file_util.py:153) (kibot - kiplot.py:132)
WARNING:(W058) (lib_symbol_issues) The current configuration does not include the library 'suku_basics'
    @(88.9000 mm, 175.2600 mm): Symbol C13 [CAP] (eeschema_do.kiauto.file_util - file_util.py:153) (kibot - kiplot.py:132)
WARNING:(W058) (lib_symbol_issues) The current configuration does not include the library 'suku_basics'
    @(106.6800 mm, 137.1600 mm): Symbol R26 [RES] (eeschema_do.kiauto.file_util - file_util.py:153) (kibot - kiplot.py:132)
WARNING:(W058) (lib_symbol_issues) Symbol 'GND' has been modified in library 'power'
    @(111.7600 mm, 147.3200 mm): Symbol #PWR0219 [GND] (eeschema_do.kiauto.file_util - file_util.py:153) (kibot - kiplot.py:132)
WARNING:(W058) (lib_symbol_issues) The current configuration does not include the library 'suku_basics'
    @(111.7600 mm, 142.2400 mm): Symbol C10 [CAP] (eeschema_do.kiauto.file_util - file_util.py:153) (kibot - kiplot.py:132)
WARNING:(W058) (lib_symbol_issues) Symbol 'GND' has been modified in library 'power'
    @(96.5200 mm, 121.9200 mm): Symbol #PWR0210 [GND] (eeschema_do.kiauto.file_util - file_util.py:153) (kibot - kiplot.py:132)
WARNING:(W058) (lib_symbol_issues) The current configuration does not include the library 'suku_basics'
    @(132.0800 mm, 114.3000 mm): Symbol UI8 [UI_Fader] (eeschema_do.kiauto.file_util - file_util.py:153) (kibot - kiplot.py:132)
WARNING:(W058) (lib_symbol_issues) Symbol 'GND' has been modified in library 'power'
    @(121.9200 mm, 121.9200 mm): Symbol #PWR0216 [GND] (eeschema_do.kiauto.file_util - file_util.py:153) (kibot - kiplot.py:132)
WARNING:(W058) (lib_symbol_issues) The current configuration does not include the library 'suku_basics'
    @(121.9200 mm, 104.1400 mm): Symbol R1008 [RES] (eeschema_do.kiauto.file_util - file_util.py:153) (kibot - kiplot.py:132)
WARNING:(W058) (lib_symbol_issues) The current configuration does not include the library 'suku_basics'
    @(106.6800 mm, 114.3000 mm): Symbol UI7 [UI_Fader] (eeschema_do.kiauto.file_util - file_util.py:153) (kibot - kiplot.py:132)
WARNING:(W058) (lib_symbol_issues) The current configuration does not include the library 'suku_basics'
    @(96.5200 mm, 104.1400 mm): Symbol R1007 [RES] (eeschema_do.kiauto.file_util - file_util.py:153) (kibot - kiplot.py:132)
WARNING:(W037) Field Datasheet of component J701 (Conn_Coaxial C5137195) contains extra spaces: ` ~` removing them. (kibot - v5_sch.py:1057)
WARNING:(W037) Field Datasheet of component J701 (Conn_Coaxial C5137195) contains extra spaces: ` ~` removing them. (kibot - v5_sch.py:1057)
WARNING:(W009) KiCad config without environment.vars section (kibot - config.py:356)
WARNING:(W010) Unable to find KiCad 3D models (kibot - config.py:431)
WARNING:(W020) Malformed value: `GZ2012D601TF` (no match in L601) (kibot - units.py:224)
WARNING:(W020) Malformed value: `GZ2012D601TF` (no match in L702) (kibot - units.py:224)
WARNING:(W009) KiCad config without environment.vars section (kibot - config.py:356)
WARNING:(W010) Unable to find KiCad 3D models (kibot - config.py:431)
ERROR:Found 0 DRC errors and 187 unconnected pad/s or warnings (pcbnew_do - pcbnew_do:1282) (kibot - kiplot.py:129)
WARNING:(W015) Unknown option `exclude_filter` (kibot - optionable.py:149)
WARNING:(W037) Field Datasheet of component J701 (Conn_Coaxial C5137195) contains extra spaces: ` ~` removing them. (kibot - v5_sch.py:1057)
WARNING:(W009) KiCad config without environment.vars section (kibot - config.py:356)
WARNING:(W010) Unable to find KiCad 3D models (kibot - config.py:431)
WARNING:(W049) Layer "Inner layer 3" isn't used (kibot - out_any_layer.py:187)
WARNING:(W049) Layer "Inner layer 4" isn't used (kibot - out_any_layer.py:187)
WARNING:(W049) Layer "Inner layer 5" isn't used (kibot - out_any_layer.py:187)
WARNING:(W049) Layer "Inner layer 6" isn't used (kibot - out_any_layer.py:187)
WARNING:(W037) Field Datasheet of component J701 (Conn_Coaxial C5137195) contains extra spaces: ` ~` removing them. (kibot - v5_sch.py:1057)
WARNING:(W037) Field Datasheet of component J701 (Conn_Coaxial C5137195) contains extra spaces: ` ~` removing them. (kibot - v5_sch.py:1057)
WARNING:(W009) KiCad config without environment.vars section (kibot - config.py:356)
WARNING:(W010) Unable to find KiCad 3D models (kibot - config.py:431)
ERROR:Unable to expand `INTECH_3D` in `${INTECH_3D}/ws2812-2020.step` (kibot - config.py:113)
WARNING:(W047) Missing 3D model for D905: `${INTECH_3D}/ws2812-2020.step` (kibot - out_base_3d.py:503)
WARNING:(W047) Missing 3D model for D909: `${INTECH_3D}/ws2812-2020.step` (kibot - out_base_3d.py:503)
WARNING:(W047) Missing 3D model for D914: `${INTECH_3D}/ws2812-2020.step` (kibot - out_base_3d.py:503)
ERROR:Unable to expand `KICAD6_3DMODEL_DIR` in `${KICAD6_3DMODEL_DIR}/Capacitor_SMD.3dshapes/C_0402_1005Metric.wrl` (kibot - config.py:113)
WARNING:(W047) Missing 3D model for D901: `${INTECH_3D}/ws2812-2020.step` (kibot - out_base_3d.py:503)
WARNING:(W047) Missing 3D model for D906: `${INTECH_3D}/ws2812-2020.step` (kibot - out_base_3d.py:503)
WARNING:(W047) Missing 3D model for D913: `${INTECH_3D}/ws2812-2020.step` (kibot - out_base_3d.py:503)
WARNING:(W047) Missing 3D model for SW701: `${INTECH_3D}/hyp_mapmode.step` (kibot - out_base_3d.py:503)
WARNING:(W047) Missing 3D model for D902: `${INTECH_3D}/ws2812-2020.step` (kibot - out_base_3d.py:503)
WARNING:(W047) Missing 3D model for D910: `${INTECH_3D}/ws2812-2020.step` (kibot - out_base_3d.py:503)
WARNING:(W047) Missing 3D model for J601: `${INTECH_3D}/HRO_TYPE-C-31-M-12.step` (kibot - out_base_3d.py:503)
WARNING:(W047) Missing 3D model for UI1005: `${INTECH_3D}/en12-hs22af20.stp` (kibot - out_base_3d.py:503)
WARNING:(W047) Missing 3D model for UI1004: `${INTECH_3D}/ps60-10mc1BR10K.stp` (kibot - out_base_3d.py:503)
WARNING:(W047) Missing 3D model for UI1008: `${INTECH_3D}/en12-hs22af20.stp` (kibot - out_base_3d.py:503)
WARNING:(W047) Missing 3D model for U705: `${INTECH_3D}/SOIC-8-1_wide.STEP` (kibot - out_base_3d.py:503)
WARNING:(W047) Missing 3D model for UI1001: `${INTECH_3D}/ps60-10mc1BR10K.stp` (kibot - out_base_3d.py:503)
WARNING:(W048) Failed to download `https://gitlab.com/kicad/libraries/kicad-packages3D/-/raw/master/Connector_Coaxial.3dshapes%2FU.FL_Molex_MCRF_73412-0110_Vertical.wrl` (kibot - out_base_3d.py:168)
WARNING:(W047) Missing 3D model for J701: `${KICAD6_3DMODEL_DIR}/Connector_Coaxial.3dshapes/U.FL_Molex_MCRF_73412-0110_Vertical.wrl` (kibot - out_base_3d.py:503)
WARNING:(W047) Missing 3D model for UI1002: `${INTECH_3D}/ps60-10mc1BR10K.stp` (kibot - out_base_3d.py:503)
WARNING:(W047) Missing 3D model for UI1007: `${INTECH_3D}/en12-hs22af20.stp` (kibot - out_base_3d.py:503)
WARNING:(W047) Missing 3D model for UI1014: `${INTECH_3D}/en12-hs22af20.stp` (kibot - out_base_3d.py:503)
WARNING:(W047) Missing 3D model for UI1003: `${INTECH_3D}/ps60-10mc1BR10K.stp` (kibot - out_base_3d.py:503)
WARNING:(W098)  10 3D models downloaded or cached (kibot - out_base_3d.py:516)
WARNING:(W037) Field Datasheet of component J701 (Conn_Coaxial C5137195) contains extra spaces: ` ~` removing them. (kibot - v5_sch.py:1057)
WARNING:(W009) KiCad config without environment.vars section (kibot - config.py:356)
WARNING:(W010) Unable to find KiCad 3D models (kibot - config.py:431)
ERROR:Unable to expand `INTECH_3D` in `${INTECH_3D}/ws2812-2020.step` (kibot - config.py:113)
WARNING:(W047) Missing 3D model for D905: `${INTECH_3D}/ws2812-2020.step` (kibot - out_base_3d.py:503)
WARNING:(W047) Missing 3D model for D909: `${INTECH_3D}/ws2812-2020.step` (kibot - out_base_3d.py:503)
WARNING:(W047) Missing 3D model for D914: `${INTECH_3D}/ws2812-2020.step` (kibot - out_base_3d.py:503)
ERROR:Unable to expand `KICAD6_3DMODEL_DIR` in `${KICAD6_3DMODEL_DIR}/Capacitor_SMD.3dshapes/C_0402_1005Metric.wrl` (kibot - config.py:113)
WARNING:(W047) Missing 3D model for D901: `${INTECH_3D}/ws2812-2020.step` (kibot - out_base_3d.py:503)
WARNING:(W047) Missing 3D model for D906: `${INTECH_3D}/ws2812-2020.step` (kibot - out_base_3d.py:503)
WARNING:(W047) Missing 3D model for D913: `${INTECH_3D}/ws2812-2020.step` (kibot - out_base_3d.py:503)
WARNING:(W047) Missing 3D model for SW701: `${INTECH_3D}/hyp_mapmode.step` (kibot - out_base_3d.py:503)
WARNING:(W047) Missing 3D model for D902: `${INTECH_3D}/ws2812-2020.step` (kibot - out_base_3d.py:503)
WARNING:(W047) Missing 3D model for D910: `${INTECH_3D}/ws2812-2020.step` (kibot - out_base_3d.py:503)
WARNING:(W047) Missing 3D model for J601: `${INTECH_3D}/HRO_TYPE-C-31-M-12.step` (kibot - out_base_3d.py:503)
WARNING:(W047) Missing 3D model for UI1005: `${INTECH_3D}/en12-hs22af20.stp` (kibot - out_base_3d.py:503)
WARNING:(W047) Missing 3D model for UI1004: `${INTECH_3D}/ps60-10mc1BR10K.stp` (kibot - out_base_3d.py:503)
WARNING:(W047) Missing 3D model for UI1008: `${INTECH_3D}/en12-hs22af20.stp` (kibot - out_base_3d.py:503)
WARNING:(W047) Missing 3D model for U705: `${INTECH_3D}/SOIC-8-1_wide.STEP` (kibot - out_base_3d.py:503)
WARNING:(W047) Missing 3D model for UI1001: `${INTECH_3D}/ps60-10mc1BR10K.stp` (kibot - out_base_3d.py:503)
WARNING:(W048) Failed to download `https://gitlab.com/kicad/libraries/kicad-packages3D/-/raw/master/Connector_Coaxial.3dshapes%2FU.FL_Molex_MCRF_73412-0110_Vertical.wrl` (kibot - out_base_3d.py:168)
WARNING:(W047) Missing 3D model for J701: `${KICAD6_3DMODEL_DIR}/Connector_Coaxial.3dshapes/U.FL_Molex_MCRF_73412-0110_Vertical.wrl` (kibot - out_base_3d.py:503)
WARNING:(W047) Missing 3D model for UI1002: `${INTECH_3D}/ps60-10mc1BR10K.stp` (kibot - out_base_3d.py:503)
WARNING:(W047) Missing 3D model for UI1007: `${INTECH_3D}/en12-hs22af20.stp` (kibot - out_base_3d.py:503)
WARNING:(W047) Missing 3D model for UI1014: `${INTECH_3D}/en12-hs22af20.stp` (kibot - out_base_3d.py:503)
WARNING:(W047) Missing 3D model for UI1003: `${INTECH_3D}/ps60-10mc1BR10K.stp` (kibot - out_base_3d.py:503)
WARNING:(W098)  10 3D models downloaded or cached (kibot - out_base_3d.py:516)
WARNING:(W037) Field Datasheet of component J701 (Conn_Coaxial C5137195) contains extra spaces: ` ~` removing them. (kibot - v5_sch.py:1057)
WARNING:(W009) KiCad config without environment.vars section (kibot - config.py:356)
WARNING:(W010) Unable to find KiCad 3D models (kibot - config.py:431)
ERROR:Unable to expand `INTECH_3D` in `${INTECH_3D}/ws2812-2020.step` (kibot - config.py:113)
WARNING:(W047) Missing 3D model for D905: `${INTECH_3D}/ws2812-2020.step` (kibot - out_base_3d.py:503)
WARNING:(W047) Missing 3D model for D909: `${INTECH_3D}/ws2812-2020.step` (kibot - out_base_3d.py:503)
WARNING:(W047) Missing 3D model for D914: `${INTECH_3D}/ws2812-2020.step` (kibot - out_base_3d.py:503)
ERROR:Unable to expand `KICAD6_3DMODEL_DIR` in `${KICAD6_3DMODEL_DIR}/Capacitor_SMD.3dshapes/C_0402_1005Metric.wrl` (kibot - config.py:113)
WARNING:(W047) Missing 3D model for D901: `${INTECH_3D}/ws2812-2020.step` (kibot - out_base_3d.py:503)
WARNING:(W047) Missing 3D model for D906: `${INTECH_3D}/ws2812-2020.step` (kibot - out_base_3d.py:503)
WARNING:(W047) Missing 3D model for D913: `${INTECH_3D}/ws2812-2020.step` (kibot - out_base_3d.py:503)
WARNING:(W047) Missing 3D model for SW701: `${INTECH_3D}/hyp_mapmode.step` (kibot - out_base_3d.py:503)
WARNING:(W047) Missing 3D model for D902: `${INTECH_3D}/ws2812-2020.step` (kibot - out_base_3d.py:503)
WARNING:(W047) Missing 3D model for D910: `${INTECH_3D}/ws2812-2020.step` (kibot - out_base_3d.py:503)
WARNING:(W047) Missing 3D model for J601: `${INTECH_3D}/HRO_TYPE-C-31-M-12.step` (kibot - out_base_3d.py:503)
WARNING:(W047) Missing 3D model for UI1005: `${INTECH_3D}/en12-hs22af20.stp` (kibot - out_base_3d.py:503)
WARNING:(W047) Missing 3D model for UI1004: `${INTECH_3D}/ps60-10mc1BR10K.stp` (kibot - out_base_3d.py:503)
WARNING:(W047) Missing 3D model for UI1008: `${INTECH_3D}/en12-hs22af20.stp` (kibot - out_base_3d.py:503)
WARNING:(W047) Missing 3D model for U705: `${INTECH_3D}/SOIC-8-1_wide.STEP` (kibot - out_base_3d.py:503)
WARNING:(W047) Missing 3D model for UI1001: `${INTECH_3D}/ps60-10mc1BR10K.stp` (kibot - out_base_3d.py:503)
WARNING:(W048) Failed to download `https://gitlab.com/kicad/libraries/kicad-packages3D/-/raw/master/Connector_Coaxial.3dshapes%2FU.FL_Molex_MCRF_73412-0110_Vertical.wrl` (kibot - out_base_3d.py:168)
WARNING:(W047) Missing 3D model for J701: `${KICAD6_3DMODEL_DIR}/Connector_Coaxial.3dshapes/U.FL_Molex_MCRF_73412-0110_Vertical.wrl` (kibot - out_base_3d.py:503)
WARNING:(W047) Missing 3D model for UI1002: `${INTECH_3D}/ps60-10mc1BR10K.stp` (kibot - out_base_3d.py:503)
WARNING:(W047) Missing 3D model for UI1007: `${INTECH_3D}/en12-hs22af20.stp` (kibot - out_base_3d.py:503)
WARNING:(W047) Missing 3D model for UI1014: `${INTECH_3D}/en12-hs22af20.stp` (kibot - out_base_3d.py:503)
WARNING:(W047) Missing 3D model for UI1003: `${INTECH_3D}/ps60-10mc1BR10K.stp` (kibot - out_base_3d.py:503)
WARNING:(W098)  10 3D models downloaded or cached (kibot - out_base_3d.py:516)
WARNING:(W037) Field Datasheet of component J701 (Conn_Coaxial C5137195) contains extra spaces: ` ~` removing them. (kibot - v5_sch.py:1057)
WARNING:(W009) KiCad config without environment.vars section (kibot - config.py:356)
WARNING:(W010) Unable to find KiCad 3D models (kibot - config.py:431)
ERROR:Unable to expand `INTECH_3D` in `${INTECH_3D}/ws2812-2020.step` (kibot - config.py:113)
WARNING:(W047) Missing 3D model for D905: `${INTECH_3D}/ws2812-2020.step` (kibot - out_base_3d.py:503)
WARNING:(W047) Missing 3D model for D909: `${INTECH_3D}/ws2812-2020.step` (kibot - out_base_3d.py:503)
WARNING:(W047) Missing 3D model for D914: `${INTECH_3D}/ws2812-2020.step` (kibot - out_base_3d.py:503)
ERROR:Unable to expand `KICAD6_3DMODEL_DIR` in `${KICAD6_3DMODEL_DIR}/Capacitor_SMD.3dshapes/C_0402_1005Metric.wrl` (kibot - config.py:113)
WARNING:(W047) Missing 3D model for D901: `${INTECH_3D}/ws2812-2020.step` (kibot - out_base_3d.py:503)
WARNING:(W047) Missing 3D model for D906: `${INTECH_3D}/ws2812-2020.step` (kibot - out_base_3d.py:503)
WARNING:(W047) Missing 3D model for D913: `${INTECH_3D}/ws2812-2020.step` (kibot - out_base_3d.py:503)
WARNING:(W047) Missing 3D model for SW701: `${INTECH_3D}/hyp_mapmode.step` (kibot - out_base_3d.py:503)
WARNING:(W047) Missing 3D model for D902: `${INTECH_3D}/ws2812-2020.step` (kibot - out_base_3d.py:503)
WARNING:(W047) Missing 3D model for D910: `${INTECH_3D}/ws2812-2020.step` (kibot - out_base_3d.py:503)
WARNING:(W047) Missing 3D model for J601: `${INTECH_3D}/HRO_TYPE-C-31-M-12.step` (kibot - out_base_3d.py:503)
WARNING:(W047) Missing 3D model for UI1005: `${INTECH_3D}/en12-hs22af20.stp` (kibot - out_base_3d.py:503)
WARNING:(W047) Missing 3D model for UI1004: `${INTECH_3D}/ps60-10mc1BR10K.stp` (kibot - out_base_3d.py:503)
WARNING:(W047) Missing 3D model for UI1008: `${INTECH_3D}/en12-hs22af20.stp` (kibot - out_base_3d.py:503)
WARNING:(W047) Missing 3D model for U705: `${INTECH_3D}/SOIC-8-1_wide.STEP` (kibot - out_base_3d.py:503)
WARNING:(W047) Missing 3D model for UI1001: `${INTECH_3D}/ps60-10mc1BR10K.stp` (kibot - out_base_3d.py:503)
WARNING:(W048) Failed to download `https://gitlab.com/kicad/libraries/kicad-packages3D/-/raw/master/Connector_Coaxial.3dshapes%2FU.FL_Molex_MCRF_73412-0110_Vertical.wrl` (kibot - out_base_3d.py:168)
WARNING:(W047) Missing 3D model for J701: `${KICAD6_3DMODEL_DIR}/Connector_Coaxial.3dshapes/U.FL_Molex_MCRF_73412-0110_Vertical.wrl` (kibot - out_base_3d.py:503)
WARNING:(W047) Missing 3D model for UI1002: `${INTECH_3D}/ps60-10mc1BR10K.stp` (kibot - out_base_3d.py:503)
WARNING:(W047) Missing 3D model for UI1007: `${INTECH_3D}/en12-hs22af20.stp` (kibot - out_base_3d.py:503)
WARNING:(W047) Missing 3D model for UI1014: `${INTECH_3D}/en12-hs22af20.stp` (kibot - out_base_3d.py:503)
WARNING:(W047) Missing 3D model for UI1003: `${INTECH_3D}/ps60-10mc1BR10K.stp` (kibot - out_base_3d.py:503)
WARNING:(W098)  10 3D models downloaded or cached (kibot - out_base_3d.py:516)
