WARNING:(W058) Missing KiCad main config file /github/home/.config/kicad/7.0/kicad_common.json (eeschema_do - misc.py:201) (kibot - kiplot.py:132)
WARNING:(W058) 76 ERC warnings detected (eeschema_do - eeschema_do:1001) (kibot - kiplot.py:132)
WARNING:(W058) (lib_symbol_issues) Symbol '+5P' has been modified in library 'power'
    @(88.9000 mm, 20.3200 mm): Symbol #PWR08 [+5P] (eeschema_do.kiauto.file_util - file_util.py:153) (kibot - kiplot.py:132)
WARNING:(W058) (lib_symbol_issues) Symbol '+5P' has been modified in library 'power'
    @(68.5800 mm, 20.3200 mm): Symbol #PWR010 [+5P] (eeschema_do.kiauto.file_util - file_util.py:153) (kibot - kiplot.py:132)
WARNING:(W058) (lib_symbol_issues) Symbol '+5P' has been modified in library 'power'
    @(40.6400 mm, 22.8600 mm): Symbol #PWR05 [+5P] (eeschema_do.kiauto.file_util - file_util.py:153) (kibot - kiplot.py:132)
WARNING:(W058) (lib_symbol_issues) Symbol '+5F' has been modified in library 'power'
    @(68.5800 mm, 48.2600 mm): Symbol #PWR09 [+5F] (eeschema_do.kiauto.file_util - file_util.py:153) (kibot - kiplot.py:132)
WARNING:(W058) (lib_symbol_issues) Symbol '+5P' has been modified in library 'power'
    @(116.8400 mm, 22.8600 mm): Symbol #PWR012 [+5P] (eeschema_do.kiauto.file_util - file_util.py:153) (kibot - kiplot.py:132)
WARNING:(W058) (lib_symbol_issues) Symbol 'GND' has been modified in library 'power'
    @(25.4000 mm, 30.4800 mm): Symbol #PWR02 [GND] (eeschema_do.kiauto.file_util - file_util.py:153) (kibot - kiplot.py:132)
WARNING:(W058) (lib_symbol_issues) Symbol 'GND' has been modified in library 'power'
    @(132.0800 mm, 30.4800 mm): Symbol #PWR015 [GND] (eeschema_do.kiauto.file_util - file_util.py:153) (kibot - kiplot.py:132)
WARNING:(W058) (lib_symbol_issues) Symbol '+5F' has been modified in library 'power'
    @(88.9000 mm, 48.2600 mm): Symbol #PWR011 [+5F] (eeschema_do.kiauto.file_util - file_util.py:153) (kibot - kiplot.py:132)
WARNING:(W058) (lib_symbol_issues) Symbol '+5F' has been modified in library 'power'
    @(48.2600 mm, 180.3400 mm): Symbol #PWR0115 [+5F] (eeschema_do.kiauto.file_util - file_util.py:153) (kibot - kiplot.py:132)
WARNING:(W058) (lib_symbol_issues) Symbol '+5F' has been modified in library 'power'
    @(58.4200 mm, 144.7800 mm): Symbol #PWR06 [+5F] (eeschema_do.kiauto.file_util - file_util.py:153) (kibot - kiplot.py:132)
WARNING:(W058) (lib_symbol_issues) Symbol '+5F' has been modified in library 'power'
    @(81.2800 mm, 180.3400 mm): Symbol #PWR0117 [+5F] (eeschema_do.kiauto.file_util - file_util.py:153) (kibot - kiplot.py:132)
WARNING:(W058) (lib_symbol_issues) Symbol 'GND' has been modified in library 'power'
    @(30.4800 mm, 157.4800 mm): Symbol #PWR01 [GND] (eeschema_do.kiauto.file_util - file_util.py:153) (kibot - kiplot.py:132)
WARNING:(W058) (lib_symbol_issues) The current configuration does not include the library 'suku_basics'
    @(43.1800 mm, 154.9400 mm): Symbol J5 [FFC_Conn_01x08_combine_pins2] (eeschema_do.kiauto.file_util - file_util.py:153) (kibot - kiplot.py:132)
WARNING:(W058) (lib_symbol_issues) Symbol 'GND' has been modified in library 'power'
    @(33.0200 mm, 180.3400 mm): Symbol #PWR0112 [GND] (eeschema_do.kiauto.file_util - file_util.py:153) (kibot - kiplot.py:132)
WARNING:(W058) (lib_symbol_issues) Symbol 'GND' has been modified in library 'power'
    @(66.0400 mm, 180.3400 mm): Symbol #PWR0116 [GND] (eeschema_do.kiauto.file_util - file_util.py:153) (kibot - kiplot.py:132)
WARNING:(W058) (lib_symbol_issues) The current configuration does not include the library 'suku_basics'
    @(58.4200 mm, 152.4000 mm): Symbol C1 [CAP] (eeschema_do.kiauto.file_util - file_util.py:153) (kibot - kiplot.py:132)
WARNING:(W058) (lib_symbol_issues) Symbol 'GND' has been modified in library 'power'
    @(58.4200 mm, 157.4800 mm): Symbol #PWR07 [GND] (eeschema_do.kiauto.file_util - file_util.py:153) (kibot - kiplot.py:132)
WARNING:(W058) (lib_symbol_issues) The current configuration does not include the library 'suku_basics'
    @(91.4400 mm, 106.6800 mm): Symbol R3 [RES] (eeschema_do.kiauto.file_util - file_util.py:153) (kibot - kiplot.py:132)
WARNING:(W058) (lib_symbol_issues) Symbol '+5P' has been modified in library 'power'
    @(109.2200 mm, 111.7600 mm): Symbol #PWR0124 [+5P] (eeschema_do.kiauto.file_util - file_util.py:153) (kibot - kiplot.py:132)
WARNING:(W058) (lib_symbol_issues) The current configuration does not include the library 'suku_basics'
    @(91.4400 mm, 121.9200 mm): Symbol R4 [RES] (eeschema_do.kiauto.file_util - file_util.py:153) (kibot - kiplot.py:132)
WARNING:(W058) (lib_symbol_issues) The current configuration does not include the library 'suku_basics'
    @(101.6000 mm, 114.3000 mm): Symbol U2 [U_ESD_4ch] (eeschema_do.kiauto.file_util - file_util.py:153) (kibot - kiplot.py:132)
WARNING:(W058) (lib_symbol_issues) Symbol 'GND' has been modified in library 'power'
    @(93.9800 mm, 116.8400 mm): Symbol #PWR0120 [GND] (eeschema_do.kiauto.file_util - file_util.py:153) (kibot - kiplot.py:132)
WARNING:(W058) (lib_symbol_issues) Symbol 'GND' has been modified in library 'power'
    @(83.8200 mm, 91.4400 mm): Symbol #PWR0121 [GND] (eeschema_do.kiauto.file_util - file_util.py:153) (kibot - kiplot.py:132)
WARNING:(W058) (lib_symbol_issues) The current configuration does not include the library 'suku_basics'
    @(91.4400 mm, 83.8200 mm): Symbol R1 [RES] (eeschema_do.kiauto.file_util - file_util.py:153) (kibot - kiplot.py:132)
WARNING:(W058) (lib_symbol_issues) The current configuration does not include the library 'suku_basics'
    @(73.6600 mm, 86.3600 mm): Symbol U5 [BL1551B] (eeschema_do.kiauto.file_util - file_util.py:153) (kibot - kiplot.py:132)
WARNING:(W058) (lib_symbol_issues) Symbol '+5V' has been modified in library 'power'
    @(63.5000 mm, 81.2800 mm): Symbol #PWR0106 [+5V] (eeschema_do.kiauto.file_util - file_util.py:153) (kibot - kiplot.py:132)
WARNING:(W058) (lib_symbol_issues) Symbol 'GND' has been modified in library 'power'
    @(83.8200 mm, 76.2000 mm): Symbol #PWR0122 [GND] (eeschema_do.kiauto.file_util - file_util.py:153) (kibot - kiplot.py:132)
WARNING:(W058) (lib_symbol_issues) Symbol 'GND' has been modified in library 'power'
    @(93.9800 mm, 78.7400 mm): Symbol #PWR04 [GND] (eeschema_do.kiauto.file_util - file_util.py:153) (kibot - kiplot.py:132)
WARNING:(W058) (lib_symbol_issues) The current configuration does not include the library 'suku_basics'
    @(101.6000 mm, 76.2000 mm): Symbol U1 [U_ESD_4ch] (eeschema_do.kiauto.file_util - file_util.py:153) (kibot - kiplot.py:132)
WARNING:(W058) (lib_symbol_issues) Symbol '+5P' has been modified in library 'power'
    @(109.2200 mm, 73.6600 mm): Symbol #PWR03 [+5P] (eeschema_do.kiauto.file_util - file_util.py:153) (kibot - kiplot.py:132)
WARNING:(W058) (lib_symbol_issues) Symbol '+5V' has been modified in library 'power'
    @(63.5000 mm, 66.0400 mm): Symbol #PWR0105 [+5V] (eeschema_do.kiauto.file_util - file_util.py:153) (kibot - kiplot.py:132)
WARNING:(W058) (lib_symbol_issues) The current configuration does not include the library 'suku_basics'
    @(73.6600 mm, 71.1200 mm): Symbol U6 [BL1551B] (eeschema_do.kiauto.file_util - file_util.py:153) (kibot - kiplot.py:132)
WARNING:(W058) (lib_symbol_issues) The current configuration does not include the library 'suku_basics'
    @(91.4400 mm, 68.5800 mm): Symbol R2 [RES] (eeschema_do.kiauto.file_util - file_util.py:153) (kibot - kiplot.py:132)
WARNING:(W058) (lib_symbol_issues) The current configuration does not include the library 'suku_basics'
    @(73.6600 mm, 124.4600 mm): Symbol U7 [BL1551B] (eeschema_do.kiauto.file_util - file_util.py:153) (kibot - kiplot.py:132)
WARNING:(W058) (lib_symbol_issues) Symbol '+5V' has been modified in library 'power'
    @(63.5000 mm, 119.3800 mm): Symbol #PWR0108 [+5V] (eeschema_do.kiauto.file_util - file_util.py:153) (kibot - kiplot.py:132)
WARNING:(W058) (lib_symbol_issues) Symbol 'GND' has been modified in library 'power'
    @(83.8200 mm, 114.3000 mm): Symbol #PWR0109 [GND] (eeschema_do.kiauto.file_util - file_util.py:153) (kibot - kiplot.py:132)
WARNING:(W058) (lib_symbol_issues) Symbol '+5V' has been modified in library 'power'
    @(63.5000 mm, 104.1400 mm): Symbol #PWR0123 [+5V] (eeschema_do.kiauto.file_util - file_util.py:153) (kibot - kiplot.py:132)
WARNING:(W058) (lib_symbol_issues) The current configuration does not include the library 'suku_basics'
    @(73.6600 mm, 109.2200 mm): Symbol U8 [BL1551B] (eeschema_do.kiauto.file_util - file_util.py:153) (kibot - kiplot.py:132)
WARNING:(W058) (lib_symbol_issues) Symbol '+5F' has been modified in library 'power'
    @(119.3800 mm, 144.7800 mm): Symbol #PWR013 [+5F] (eeschema_do.kiauto.file_util - file_util.py:153) (kibot - kiplot.py:132)
WARNING:(W058) (lib_symbol_issues) Symbol 'GND' has been modified in library 'power'
    @(83.8200 mm, 129.5400 mm): Symbol #PWR0107 [GND] (eeschema_do.kiauto.file_util - file_util.py:153) (kibot - kiplot.py:132)
WARNING:(W058) (lib_symbol_issues) Symbol '+5F' has been modified in library 'power'
    @(132.0800 mm, 180.3400 mm): Symbol #PWR0113 [+5F] (eeschema_do.kiauto.file_util - file_util.py:153) (kibot - kiplot.py:132)
WARNING:(W058) (lib_symbol_issues) Symbol '+5F' has been modified in library 'power'
    @(104.1400 mm, 180.3400 mm): Symbol #PWR0118 [+5F] (eeschema_do.kiauto.file_util - file_util.py:153) (kibot - kiplot.py:132)
WARNING:(W058) (lib_symbol_issues) Symbol 'GND' has been modified in library 'power'
    @(119.3800 mm, 180.3400 mm): Symbol #PWR0119 [GND] (eeschema_do.kiauto.file_util - file_util.py:153) (kibot - kiplot.py:132)
WARNING:(W058) (lib_symbol_issues) Symbol 'GND' has been modified in library 'power'
    @(119.3800 mm, 157.4800 mm): Symbol #PWR014 [GND] (eeschema_do.kiauto.file_util - file_util.py:153) (kibot - kiplot.py:132)
WARNING:(W058) (lib_symbol_issues) The current configuration does not include the library 'suku_basics'
    @(119.3800 mm, 152.4000 mm): Symbol C2 [CAP] (eeschema_do.kiauto.file_util - file_util.py:153) (kibot - kiplot.py:132)
WARNING:(W058) (lib_symbol_issues) The current configuration does not include the library 'suku_basics'
    @(132.0800 mm, 154.9400 mm): Symbol J6 [FFC_Conn_01x08_combine_pins2] (eeschema_do.kiauto.file_util - file_util.py:153) (kibot - kiplot.py:132)
WARNING:(W058) (lib_symbol_issues) Symbol '+5V' has been modified in library 'power'
    @(261.6200 mm, 101.6000 mm): Symbol #PWR030 [+5V] (eeschema_do.kiauto.file_util - file_util.py:153) (kibot - kiplot.py:132)
WARNING:(W058) (lib_symbol_issues) The current configuration does not include the library 'suku_basics'
    @(236.2200 mm, 129.5400 mm): Symbol C5 [CAP] (eeschema_do.kiauto.file_util - file_util.py:153) (kibot - kiplot.py:132)
WARNING:(W058) (lib_symbol_issues) The current configuration does not include the library 'suku_basics'
    @(228.6000 mm, 129.5400 mm): Symbol R8 [RES] (eeschema_do.kiauto.file_util - file_util.py:153) (kibot - kiplot.py:132)
WARNING:(W058) (lib_symbol_issues) The current configuration does not include the library 'suku_basics'
    @(228.6000 mm, 104.1400 mm): Symbol R7 [RES] (eeschema_do.kiauto.file_util - file_util.py:153) (kibot - kiplot.py:132)
WARNING:(W058) (lib_symbol_issues) Symbol 'GND' has been modified in library 'power'
    @(228.6000 mm, 109.2200 mm): Symbol #PWR026 [GND] (eeschema_do.kiauto.file_util - file_util.py:153) (kibot - kiplot.py:132)
WARNING:(W058) (lib_symbol_issues) The current configuration does not include the library 'suku_basics'
    @(223.5200 mm, 99.0600 mm): Symbol R5 [RES] (eeschema_do.kiauto.file_util - file_util.py:153) (kibot - kiplot.py:132)
WARNING:(W058) (lib_symbol_issues) The current configuration does not include the library 'suku_basics'
    @(236.2200 mm, 104.1400 mm): Symbol C4 [CAP] (eeschema_do.kiauto.file_util - file_util.py:153) (kibot - kiplot.py:132)
WARNING:(W058) (lib_symbol_issues) Symbol 'GND' has been modified in library 'power'
    @(236.2200 mm, 109.2200 mm): Symbol #PWR028 [GND] (eeschema_do.kiauto.file_util - file_util.py:153) (kibot - kiplot.py:132)
WARNING:(W058) (lib_symbol_issues) Symbol 'GND' has been modified in library 'power'
    @(261.6200 mm, 121.9200 mm): Symbol #PWR031 [GND] (eeschema_do.kiauto.file_util - file_util.py:153) (kibot - kiplot.py:132)
WARNING:(W058) (lib_symbol_issues) Symbol 'PWR_FLAG' has been modified in library 'power'
    @(236.2200 mm, 73.6600 mm): Symbol #FLG0103 [PWR_FLAG] (eeschema_do.kiauto.file_util - file_util.py:153) (kibot - kiplot.py:132)
WARNING:(W058) (lib_symbol_issues) Symbol '+5F' has been modified in library 'power'
    @(236.2200 mm, 76.2000 mm): Symbol #PWR0103 [+5F] (eeschema_do.kiauto.file_util - file_util.py:153) (kibot - kiplot.py:132)
WARNING:(W058) (lib_symbol_issues) Symbol 'PWR_FLAG' has been modified in library 'power'
    @(248.9200 mm, 73.6600 mm): Symbol #FLG0104 [PWR_FLAG] (eeschema_do.kiauto.file_util - file_util.py:153) (kibot - kiplot.py:132)
WARNING:(W058) (lib_symbol_issues) Symbol '+5V' has been modified in library 'power'
    @(248.9200 mm, 76.2000 mm): Symbol #PWR0104 [+5V] (eeschema_do.kiauto.file_util - file_util.py:153) (kibot - kiplot.py:132)
WARNING:(W058) (lib_symbol_issues) Symbol '+5P' has been modified in library 'power'
    @(210.8200 mm, 76.2000 mm): Symbol #PWR0102 [+5P] (eeschema_do.kiauto.file_util - file_util.py:153) (kibot - kiplot.py:132)
WARNING:(W058) (lib_symbol_issues) Symbol 'PWR_FLAG' has been modified in library 'power'
    @(210.8200 mm, 73.6600 mm): Symbol #FLG0101 [PWR_FLAG] (eeschema_do.kiauto.file_util - file_util.py:153) (kibot - kiplot.py:132)
WARNING:(W058) (lib_symbol_issues) Symbol '+5V' has been modified in library 'power'
    @(218.4400 mm, 96.5200 mm): Symbol #PWR024 [+5V] (eeschema_do.kiauto.file_util - file_util.py:153) (kibot - kiplot.py:132)
WARNING:(W058) (lib_symbol_issues) Symbol 'PWR_FLAG' has been modified in library 'power'
    @(223.5200 mm, 73.6600 mm): Symbol #FLG0102 [PWR_FLAG] (eeschema_do.kiauto.file_util - file_util.py:153) (kibot - kiplot.py:132)
WARNING:(W058) (lib_symbol_issues) Symbol 'GND' has been modified in library 'power'
    @(223.5200 mm, 76.2000 mm): Symbol #PWR0101 [GND] (eeschema_do.kiauto.file_util - file_util.py:153) (kibot - kiplot.py:132)
WARNING:(W058) (lib_symbol_issues) Symbol 'GND' has been modified in library 'power'
    @(147.3200 mm, 180.3400 mm): Symbol #PWR0114 [GND] (eeschema_do.kiauto.file_util - file_util.py:153) (kibot - kiplot.py:132)
WARNING:(W058) (lib_symbol_issues) Symbol 'GND' has been modified in library 'power'
    @(147.3200 mm, 157.4800 mm): Symbol #PWR016 [GND] (eeschema_do.kiauto.file_util - file_util.py:153) (kibot - kiplot.py:132)
WARNING:(W058) (lib_symbol_issues) The current configuration does not include the library 'suku_basics'
    @(223.5200 mm, 124.4600 mm): Symbol R6 [RES] (eeschema_do.kiauto.file_util - file_util.py:153) (kibot - kiplot.py:132)
WARNING:(W058) (lib_symbol_issues) Symbol 'GND' has been modified in library 'power'
    @(208.2800 mm, 137.1600 mm): Symbol #PWR022 [GND] (eeschema_do.kiauto.file_util - file_util.py:153) (kibot - kiplot.py:132)
WARNING:(W058) (lib_symbol_issues) Symbol '+5V' has been modified in library 'power'
    @(208.2800 mm, 111.7600 mm): Symbol #PWR021 [+5V] (eeschema_do.kiauto.file_util - file_util.py:153) (kibot - kiplot.py:132)
WARNING:(W058) (lib_symbol_issues) Symbol 'GND' has been modified in library 'power'
    @(228.6000 mm, 134.6200 mm): Symbol #PWR027 [GND] (eeschema_do.kiauto.file_util - file_util.py:153) (kibot - kiplot.py:132)
WARNING:(W058) (lib_symbol_issues) Symbol 'GND' has been modified in library 'power'
    @(236.2200 mm, 134.6200 mm): Symbol #PWR029 [GND] (eeschema_do.kiauto.file_util - file_util.py:153) (kibot - kiplot.py:132)
WARNING:(W058) (lib_symbol_issues) Symbol 'GND' has been modified in library 'power'
    @(269.2400 mm, 78.7400 mm): Symbol #PWR023 [GND] (eeschema_do.kiauto.file_util - file_util.py:153) (kibot - kiplot.py:132)
WARNING:(W058) (lib_symbol_issues) Symbol '+5F' has been modified in library 'power'
    @(261.6200 mm, 78.7400 mm): Symbol #PWR020 [+5F] (eeschema_do.kiauto.file_util - file_util.py:153) (kibot - kiplot.py:132)
WARNING:(W058) (lib_symbol_issues) Symbol '+5V' has been modified in library 'power'
    @(276.8600 mm, 66.0400 mm): Symbol #PWR025 [+5V] (eeschema_do.kiauto.file_util - file_util.py:153) (kibot - kiplot.py:132)
WARNING:(W058) (lib_symbol_issues) The current configuration does not include the library 'suku_basics'
    @(269.2400 mm, 73.6600 mm): Symbol C3 [CAP] (eeschema_do.kiauto.file_util - file_util.py:153) (kibot - kiplot.py:132)
WARNING:(W058) (lib_symbol_issues) Symbol '+5P' has been modified in library 'power'
    @(261.6200 mm, 58.4200 mm): Symbol #PWR019 [+5P] (eeschema_do.kiauto.file_util - file_util.py:153) (kibot - kiplot.py:132)
WARNING:(W009) KiCad config without environment.vars section (kibot - config.py:356)
WARNING:(W010) Unable to find KiCad 3D models (kibot - config.py:431)
WARNING:(W009) KiCad config without environment.vars section (kibot - config.py:356)
WARNING:(W010) Unable to find KiCad 3D models (kibot - config.py:431)
ERROR:Found 0 DRC errors and 31 unconnected pad/s or warnings (pcbnew_do - pcbnew_do:1282) (kibot - kiplot.py:129)
WARNING:(W015) Unknown option `exclude_filter` (kibot - optionable.py:149)
WARNING:(W009) KiCad config without environment.vars section (kibot - config.py:356)
WARNING:(W010) Unable to find KiCad 3D models (kibot - config.py:431)
WARNING:(W049) Layer "Inner layer 1" isn't used (kibot - out_any_layer.py:187)
WARNING:(W049) Layer "Inner layer 2" isn't used (kibot - out_any_layer.py:187)
WARNING:(W049) Layer "Inner layer 3" isn't used (kibot - out_any_layer.py:187)
WARNING:(W049) Layer "Inner layer 4" isn't used (kibot - out_any_layer.py:187)
WARNING:(W049) Layer "Inner layer 5" isn't used (kibot - out_any_layer.py:187)
WARNING:(W049) Layer "Inner layer 6" isn't used (kibot - out_any_layer.py:187)
WARNING:(W009) KiCad config without environment.vars section (kibot - config.py:356)
WARNING:(W010) Unable to find KiCad 3D models (kibot - config.py:431)
ERROR:Unable to expand `KICAD6_3DMODEL_DIR` in `${KICAD6_3DMODEL_DIR}/Capacitor_SMD.3dshapes/C_0805_2012Metric.wrl` (kibot - config.py:113)
ERROR:Unable to expand `INTECH_3D` in `${INTECH_3D}/battery_conn.step` (kibot - config.py:113)
WARNING:(W047) Missing 3D model for J5: `${INTECH_3D}/battery_conn.step` (kibot - out_base_3d.py:503)
WARNING:(W047) Missing 3D model for J6: `${INTECH_3D}/battery_conn.step` (kibot - out_base_3d.py:503)
WARNING:(W047) Missing 3D model for J3: `${INTECH_3D}/IS_POGO_Rev2_THT.step` (kibot - out_base_3d.py:503)
WARNING:(W047) Missing 3D model for J1: `${INTECH_3D}/IS_POGO_Rev2_THT.step` (kibot - out_base_3d.py:503)
WARNING:(W098)  8 3D models downloaded or cached (kibot - out_base_3d.py:516)
WARNING:(W009) KiCad config without environment.vars section (kibot - config.py:356)
WARNING:(W010) Unable to find KiCad 3D models (kibot - config.py:431)
ERROR:Unable to expand `KICAD6_3DMODEL_DIR` in `${KICAD6_3DMODEL_DIR}/Capacitor_SMD.3dshapes/C_0805_2012Metric.wrl` (kibot - config.py:113)
ERROR:Unable to expand `INTECH_3D` in `${INTECH_3D}/battery_conn.step` (kibot - config.py:113)
WARNING:(W047) Missing 3D model for J5: `${INTECH_3D}/battery_conn.step` (kibot - out_base_3d.py:503)
WARNING:(W047) Missing 3D model for J6: `${INTECH_3D}/battery_conn.step` (kibot - out_base_3d.py:503)
WARNING:(W047) Missing 3D model for J3: `${INTECH_3D}/IS_POGO_Rev2_THT.step` (kibot - out_base_3d.py:503)
WARNING:(W047) Missing 3D model for J1: `${INTECH_3D}/IS_POGO_Rev2_THT.step` (kibot - out_base_3d.py:503)
WARNING:(W098)  8 3D models downloaded or cached (kibot - out_base_3d.py:516)
WARNING:(W009) KiCad config without environment.vars section (kibot - config.py:356)
WARNING:(W010) Unable to find KiCad 3D models (kibot - config.py:431)
ERROR:Unable to expand `KICAD6_3DMODEL_DIR` in `${KICAD6_3DMODEL_DIR}/Capacitor_SMD.3dshapes/C_0805_2012Metric.wrl` (kibot - config.py:113)
ERROR:Unable to expand `INTECH_3D` in `${INTECH_3D}/battery_conn.step` (kibot - config.py:113)
WARNING:(W047) Missing 3D model for J5: `${INTECH_3D}/battery_conn.step` (kibot - out_base_3d.py:503)
WARNING:(W047) Missing 3D model for J6: `${INTECH_3D}/battery_conn.step` (kibot - out_base_3d.py:503)
WARNING:(W047) Missing 3D model for J3: `${INTECH_3D}/IS_POGO_Rev2_THT.step` (kibot - out_base_3d.py:503)
WARNING:(W047) Missing 3D model for J1: `${INTECH_3D}/IS_POGO_Rev2_THT.step` (kibot - out_base_3d.py:503)
WARNING:(W098)  8 3D models downloaded or cached (kibot - out_base_3d.py:516)
WARNING:(W009) KiCad config without environment.vars section (kibot - config.py:356)
WARNING:(W010) Unable to find KiCad 3D models (kibot - config.py:431)
ERROR:Unable to expand `KICAD6_3DMODEL_DIR` in `${KICAD6_3DMODEL_DIR}/Capacitor_SMD.3dshapes/C_0805_2012Metric.wrl` (kibot - config.py:113)
ERROR:Unable to expand `INTECH_3D` in `${INTECH_3D}/battery_conn.step` (kibot - config.py:113)
WARNING:(W047) Missing 3D model for J5: `${INTECH_3D}/battery_conn.step` (kibot - out_base_3d.py:503)
WARNING:(W047) Missing 3D model for J6: `${INTECH_3D}/battery_conn.step` (kibot - out_base_3d.py:503)
WARNING:(W047) Missing 3D model for J3: `${INTECH_3D}/IS_POGO_Rev2_THT.step` (kibot - out_base_3d.py:503)
WARNING:(W047) Missing 3D model for J1: `${INTECH_3D}/IS_POGO_Rev2_THT.step` (kibot - out_base_3d.py:503)
WARNING:(W098)  8 3D models downloaded or cached (kibot - out_base_3d.py:516)
